<?xml version="1.0" encoding="UTF-8"?>
<coverage generated="1772361450225" clover="3.2.0">
  <project timestamp="1772361450225" name="All files">
    <metrics statements="631" coveredstatements="268" conditionals="442" coveredconditionals="124" methods="89" coveredmethods="45" elements="1162" coveredelements="437" complexity="0" loc="631" ncloc="631" packages="1" files="2" classes="2"/>
    <file name="hc-full-pipeline.js" path="/home/headyme/Heady/src/hc-full-pipeline.js">
      <metrics statements="220" coveredstatements="177" conditionals="114" coveredconditionals="86" methods="31" coveredmethods="31"/>
      <line num="16" count="1" type="stmt"/>
      <line num="17" count="1" type="stmt"/>
      <line num="19" count="1" type="stmt"/>
      <line num="31" count="1" type="stmt"/>
      <line num="43" count="31" type="stmt"/>
      <line num="44" count="31" type="cond" truecount="1" falsecount="1"/>
      <line num="45" count="31" type="stmt"/>
      <line num="46" count="31" type="cond" truecount="2" falsecount="0"/>
      <line num="47" count="31" type="cond" truecount="2" falsecount="0"/>
      <line num="48" count="31" type="cond" truecount="2" falsecount="0"/>
      <line num="49" count="31" type="cond" truecount="2" falsecount="0"/>
      <line num="50" count="31" type="cond" truecount="2" falsecount="0"/>
      <line num="51" count="31" type="stmt"/>
      <line num="56" count="44" type="stmt"/>
      <line num="57" count="44" type="stmt"/>
      <line num="58" count="273" type="stmt"/>
      <line num="59" count="273" type="stmt"/>
      <line num="60" count="273" type="stmt"/>
      <line num="61" count="273" type="stmt"/>
      <line num="67" count="29" type="stmt"/>
      <line num="68" count="29" type="stmt"/>
      <line num="70" count="29" type="stmt"/>
      <line num="76" count="261" type="stmt"/>
      <line num="97" count="29" type="stmt"/>
      <line num="98" count="29" type="stmt"/>
      <line num="99" count="29" type="stmt"/>
      <line num="104" count="26" type="stmt"/>
      <line num="105" count="26" type="cond" truecount="2" falsecount="0"/>
      <line num="107" count="25" type="stmt"/>
      <line num="108" count="25" type="stmt"/>
      <line num="109" count="25" type="stmt"/>
      <line num="111" count="25" type="stmt"/>
      <line num="112" count="25" type="stmt"/>
      <line num="113" count="185" type="stmt"/>
      <line num="114" count="185" type="stmt"/>
      <line num="117" count="185" type="cond" truecount="2" falsecount="0"/>
      <line num="118" count="3" type="stmt"/>
      <line num="119" count="3" type="stmt"/>
      <line num="120" count="3" type="stmt"/>
      <line num="124" count="182" type="stmt"/>
      <line num="125" count="182" type="stmt"/>
      <line num="126" count="182" type="stmt"/>
      <line num="128" count="182" type="stmt"/>
      <line num="129" count="182" type="stmt"/>
      <line num="130" count="177" type="stmt"/>
      <line num="131" count="177" type="stmt"/>
      <line num="132" count="177" type="stmt"/>
      <line num="133" count="177" type="stmt"/>
      <line num="134" count="177" type="stmt"/>
      <line num="137" count="177" type="cond" truecount="2" falsecount="0"/>
      <line num="138" count="5" type="stmt"/>
      <line num="139" count="5" type="stmt"/>
      <line num="142" count="5" type="stmt"/>
      <line num="143" count="5" type="stmt"/>
      <line num="144" count="5" type="stmt"/>
      <line num="145" count="5" type="stmt"/>
      <line num="148" count="5" type="stmt"/>
      <line num="149" count="5" type="cond" truecount="1" falsecount="1"/>
      <line num="151" count="0" type="stmt"/>
      <line num="152" count="0" type="stmt"/>
      <line num="153" count="0" type="stmt"/>
      <line num="154" count="0" type="stmt"/>
      <line num="155" count="0" type="stmt"/>
      <line num="156" count="0" type="stmt"/>
      <line num="157" count="0" type="stmt"/>
      <line num="158" count="0" type="stmt"/>
      <line num="159" count="0" type="stmt"/>
      <line num="160" count="0" type="stmt"/>
      <line num="161" count="0" type="stmt"/>
      <line num="162" count="0" type="stmt"/>
      <line num="163" count="0" type="stmt"/>
      <line num="170" count="5" type="cond" truecount="1" falsecount="1"/>
      <line num="171" count="0" type="stmt"/>
      <line num="179" count="5" type="stmt"/>
      <line num="180" count="5" type="stmt"/>
      <line num="181" count="5" type="stmt"/>
      <line num="182" count="5" type="stmt"/>
      <line num="183" count="5" type="stmt"/>
      <line num="187" count="15" type="stmt"/>
      <line num="188" count="15" type="stmt"/>
      <line num="189" count="15" type="stmt"/>
      <line num="190" count="15" type="stmt"/>
      <line num="192" count="0" type="stmt"/>
      <line num="193" count="0" type="stmt"/>
      <line num="194" count="0" type="stmt"/>
      <line num="197" count="15" type="stmt"/>
      <line num="202" count="185" type="cond" truecount="9" falsecount="1"/>
      <line num="204" count="25" type="stmt"/>
      <line num="206" count="23" type="stmt"/>
      <line num="208" count="22" type="stmt"/>
      <line num="210" count="21" type="stmt"/>
      <line num="212" count="23" type="stmt"/>
      <line num="214" count="21" type="stmt"/>
      <line num="216" count="17" type="stmt"/>
      <line num="218" count="17" type="stmt"/>
      <line num="220" count="16" type="stmt"/>
      <line num="222" count="0" type="stmt"/>
      <line num="229" count="25" type="stmt"/>
      <line num="230" count="25" type="cond" truecount="5" falsecount="0"/>
      <line num="231" count="2" type="stmt"/>
      <line num="233" count="23" type="stmt"/>
      <line num="241" count="23" type="stmt"/>
      <line num="242" count="23" type="cond" truecount="2" falsecount="0"/>
      <line num="243" count="23" type="cond" truecount="1" falsecount="1"/>
      <line num="244" count="23" type="cond" truecount="2" falsecount="0"/>
      <line num="245" count="23" type="stmt"/>
      <line num="249" count="22" type="cond" truecount="1" falsecount="1"/>
      <line num="250" count="22" type="stmt"/>
      <line num="252" count="0" type="stmt"/>
      <line num="258" count="0" type="stmt"/>
      <line num="262" count="21" type="cond" truecount="1" falsecount="1"/>
      <line num="263" count="0" type="stmt"/>
      <line num="266" count="21" type="stmt"/>
      <line num="267" count="21" type="stmt"/>
      <line num="268" count="21" type="cond" truecount="1" falsecount="1"/>
      <line num="269" count="84" type="stmt"/>
      <line num="275" count="114" type="stmt"/>
      <line num="276" count="21" type="stmt"/>
      <line num="280" count="23" type="stmt"/>
      <line num="281" count="23" type="cond" truecount="1" falsecount="1"/>
      <line num="283" count="23" type="stmt"/>
      <line num="284" count="23" type="stmt"/>
      <line num="285" count="21" type="stmt"/>
      <line num="300" count="21" type="cond" truecount="2" falsecount="0"/>
      <line num="301" count="16" type="stmt"/>
      <line num="304" count="5" type="stmt"/>
      <line num="305" count="5" type="stmt"/>
      <line num="309" count="17" type="stmt"/>
      <line num="310" count="17" type="stmt"/>
      <line num="318" count="16" type="stmt"/>
      <line num="319" count="16" type="cond" truecount="2" falsecount="0"/>
      <line num="320" count="16" type="stmt"/>
      <line num="321" count="16" type="cond" truecount="1" falsecount="1"/>
      <line num="322" count="0" type="stmt"/>
      <line num="324" count="16" type="stmt"/>
      <line num="328" count="16" type="stmt"/>
      <line num="333" count="144" type="stmt"/>
      <line num="346" count="26" type="stmt"/>
      <line num="354" count="26" type="cond" truecount="2" falsecount="0"/>
      <line num="359" count="5" type="stmt"/>
      <line num="360" count="5" type="stmt"/>
      <line num="361" count="5" type="stmt"/>
      <line num="362" count="15" type="stmt"/>
      <line num="363" count="15" type="cond" truecount="2" falsecount="0"/>
      <line num="364" count="12" type="stmt"/>
      <line num="365" count="12" type="stmt"/>
      <line num="366" count="12" type="stmt"/>
      <line num="369" count="5" type="stmt"/>
      <line num="379" count="5" type="stmt"/>
      <line num="380" count="5" type="stmt"/>
      <line num="383" count="5" type="cond" truecount="1" falsecount="1"/>
      <line num="384" count="0" type="stmt"/>
      <line num="385" count="0" type="stmt"/>
      <line num="386" count="0" type="stmt"/>
      <line num="387" count="0" type="cond" truecount="0" falsecount="4"/>
      <line num="388" count="0" type="stmt"/>
      <line num="389" count="0" type="stmt"/>
      <line num="395" count="0" type="stmt"/>
      <line num="401" count="5" type="cond" truecount="1" falsecount="1"/>
      <line num="402" count="0" type="stmt"/>
      <line num="403" count="0" type="stmt"/>
      <line num="404" count="0" type="cond" truecount="0" falsecount="2"/>
      <line num="405" count="0" type="stmt"/>
      <line num="406" count="0" type="stmt"/>
      <line num="411" count="0" type="stmt"/>
      <line num="416" count="5" type="cond" truecount="1" falsecount="1"/>
      <line num="417" count="0" type="stmt"/>
      <line num="418" count="0" type="stmt"/>
      <line num="430" count="5" type="stmt"/>
      <line num="431" count="5" type="stmt"/>
      <line num="432" count="5" type="stmt"/>
      <line num="437" count="3" type="stmt"/>
      <line num="438" count="3" type="cond" truecount="4" falsecount="0"/>
      <line num="439" count="1" type="stmt"/>
      <line num="442" count="2" type="stmt"/>
      <line num="443" count="2" type="cond" truecount="1" falsecount="1"/>
      <line num="444" count="2" type="stmt"/>
      <line num="445" count="2" type="stmt"/>
      <line num="447" count="2" type="cond" truecount="2" falsecount="0"/>
      <line num="448" count="1" type="stmt"/>
      <line num="449" count="1" type="stmt"/>
      <line num="450" count="1" type="stmt"/>
      <line num="451" count="1" type="stmt"/>
      <line num="454" count="1" type="stmt"/>
      <line num="456" count="1" type="stmt"/>
      <line num="457" count="3" type="stmt"/>
      <line num="458" count="3" type="stmt"/>
      <line num="459" count="3" type="stmt"/>
      <line num="460" count="3" type="stmt"/>
      <line num="461" count="3" type="stmt"/>
      <line num="463" count="3" type="stmt"/>
      <line num="464" count="3" type="stmt"/>
      <line num="465" count="3" type="stmt"/>
      <line num="466" count="3" type="stmt"/>
      <line num="467" count="3" type="stmt"/>
      <line num="468" count="3" type="stmt"/>
      <line num="469" count="3" type="stmt"/>
      <line num="471" count="0" type="stmt"/>
      <line num="472" count="0" type="stmt"/>
      <line num="473" count="0" type="stmt"/>
      <line num="474" count="0" type="stmt"/>
      <line num="475" count="0" type="stmt"/>
      <line num="476" count="0" type="stmt"/>
      <line num="480" count="1" type="stmt"/>
      <line num="481" count="1" type="stmt"/>
      <line num="482" count="1" type="stmt"/>
      <line num="483" count="1" type="stmt"/>
      <line num="484" count="1" type="stmt"/>
      <line num="488" count="1" type="cond" truecount="2" falsecount="0"/>
      <line num="491" count="1" type="stmt"/>
      <line num="492" count="1" type="cond" truecount="4" falsecount="0"/>
      <line num="497" count="1" type="stmt"/>
      <line num="498" count="1" type="stmt"/>
      <line num="500" count="2" type="stmt"/>
      <line num="501" count="2" type="stmt"/>
      <line num="502" count="2" type="stmt"/>
      <line num="503" count="2" type="stmt"/>
      <line num="509" count="1" type="stmt"/>
      <line num="510" count="1" type="stmt"/>
      <line num="512" count="1" type="stmt"/>
    </file>
    <file name="hc_pipeline.js" path="/home/headyme/Heady/src/hc_pipeline.js">
      <metrics statements="411" coveredstatements="91" conditionals="328" coveredconditionals="38" methods="58" coveredmethods="14"/>
      <line num="27" count="1" type="stmt"/>
      <line num="28" count="1" type="stmt"/>
      <line num="29" count="1" type="stmt"/>
      <line num="30" count="1" type="stmt"/>
      <line num="31" count="1" type="stmt"/>
      <line num="33" count="1" type="stmt"/>
      <line num="34" count="1" type="stmt"/>
      <line num="35" count="1" type="stmt"/>
      <line num="36" count="1" type="stmt"/>
      <line num="37" count="1" type="stmt"/>
      <line num="38" count="1" type="stmt"/>
      <line num="39" count="1" type="stmt"/>
      <line num="44" count="16" type="stmt"/>
      <line num="45" count="16" type="cond" truecount="2" falsecount="0"/>
      <line num="46" count="1" type="stmt"/>
      <line num="48" count="15" type="stmt"/>
      <line num="52" count="13" type="cond" truecount="2" falsecount="0"/>
      <line num="53" count="11" type="stmt"/>
      <line num="54" count="11" type="stmt"/>
      <line num="58" count="1" type="stmt"/>
      <line num="66" count="1" type="stmt"/>
      <line num="67" count="1" type="stmt"/>
      <line num="68" count="1" type="stmt"/>
      <line num="69" count="1" type="stmt"/>
      <line num="70" count="1" type="stmt"/>
      <line num="71" count="1" type="stmt"/>
      <line num="72" count="1" type="stmt"/>
      <line num="73" count="1" type="stmt"/>
      <line num="74" count="1" type="stmt"/>
      <line num="75" count="1" type="stmt"/>
      <line num="76" count="1" type="stmt"/>
      <line num="77" count="1" type="stmt"/>
      <line num="81" count="1" type="stmt"/>
      <line num="82" count="1" type="stmt"/>
      <line num="83" count="13" type="stmt"/>
      <line num="84" count="13" type="stmt"/>
      <line num="86" count="1" type="stmt"/>
      <line num="91" count="1" type="stmt"/>
      <line num="102" count="0" type="stmt"/>
      <line num="103" count="0" type="stmt"/>
      <line num="132" count="1" type="stmt"/>
      <line num="139" count="1" type="stmt"/>
      <line num="141" count="1" type="stmt"/>
      <line num="142" count="1" type="stmt"/>
      <line num="143" count="1" type="stmt"/>
      <line num="152" count="0" type="cond" truecount="0" falsecount="4"/>
      <line num="154" count="0" type="stmt"/>
      <line num="155" count="0" type="cond" truecount="0" falsecount="4"/>
      <line num="157" count="0" type="cond" truecount="0" falsecount="2"/>
      <line num="158" count="0" type="stmt"/>
      <line num="160" count="0" type="stmt"/>
      <line num="162" count="0" type="cond" truecount="0" falsecount="2"/>
      <line num="163" count="0" type="stmt"/>
      <line num="165" count="0" type="stmt"/>
      <line num="167" count="0" type="cond" truecount="0" falsecount="4"/>
      <line num="168" count="0" type="stmt"/>
      <line num="170" count="0" type="stmt"/>
      <line num="172" count="0" type="cond" truecount="0" falsecount="2"/>
      <line num="173" count="0" type="stmt"/>
      <line num="175" count="0" type="stmt"/>
      <line num="178" count="0" type="stmt"/>
      <line num="182" count="0" type="cond" truecount="0" falsecount="4"/>
      <line num="184" count="0" type="stmt"/>
      <line num="185" count="0" type="stmt"/>
      <line num="187" count="0" type="stmt"/>
      <line num="188" count="0" type="stmt"/>
      <line num="190" count="0" type="stmt"/>
      <line num="191" count="0" type="stmt"/>
      <line num="193" count="0" type="stmt"/>
      <line num="200" count="0" type="stmt"/>
      <line num="213" count="0" type="cond" truecount="0" falsecount="4"/>
      <line num="214" count="0" type="stmt"/>
      <line num="215" count="0" type="stmt"/>
      <line num="216" count="0" type="stmt"/>
      <line num="221" count="0" type="cond" truecount="0" falsecount="4"/>
      <line num="222" count="0" type="stmt"/>
      <line num="223" count="0" type="stmt"/>
      <line num="224" count="0" type="cond" truecount="0" falsecount="4"/>
      <line num="225" count="0" type="stmt"/>
      <line num="228" count="0" type="cond" truecount="0" falsecount="2"/>
      <line num="229" count="0" type="stmt"/>
      <line num="230" count="0" type="stmt"/>
      <line num="234" count="0" type="stmt"/>
      <line num="235" count="0" type="stmt"/>
      <line num="236" count="0" type="stmt"/>
      <line num="238" count="0" type="stmt"/>
      <line num="242" count="0" type="cond" truecount="0" falsecount="7"/>
      <line num="244" count="0" type="cond" truecount="0" falsecount="2"/>
      <line num="246" count="0" type="stmt"/>
      <line num="248" count="0" type="stmt"/>
      <line num="250" count="0" type="stmt"/>
      <line num="252" count="0" type="stmt"/>
      <line num="254" count="0" type="stmt"/>
      <line num="256" count="0" type="stmt"/>
      <line num="264" count="7" type="stmt"/>
      <line num="265" count="7" type="cond" truecount="1" falsecount="1"/>
      <line num="266" count="7" type="cond" truecount="2" falsecount="0"/>
      <line num="267" count="7" type="cond" truecount="2" falsecount="0"/>
      <line num="268" count="7" type="stmt"/>
      <line num="269" count="7" type="stmt"/>
      <line num="270" count="7" type="stmt"/>
      <line num="271" count="7" type="stmt"/>
      <line num="275" count="4" type="cond" truecount="2" falsecount="0"/>
      <line num="276" count="3" type="cond" truecount="2" falsecount="0"/>
      <line num="277" count="1" type="cond" truecount="1" falsecount="1"/>
      <line num="278" count="1" type="cond" truecount="1" falsecount="1"/>
      <line num="279" count="0" type="stmt"/>
      <line num="280" count="0" type="stmt"/>
      <line num="281" count="0" type="stmt"/>
      <line num="283" count="1" type="stmt"/>
      <line num="286" count="0" type="stmt"/>
      <line num="290" count="1" type="cond" truecount="1" falsecount="1"/>
      <line num="291" count="0" type="stmt"/>
      <line num="292" count="0" type="stmt"/>
      <line num="297" count="7" type="stmt"/>
      <line num="298" count="7" type="stmt"/>
      <line num="299" count="7" type="cond" truecount="1" falsecount="1"/>
      <line num="300" count="0" type="stmt"/>
      <line num="301" count="7" type="cond" truecount="2" falsecount="0"/>
      <line num="302" count="3" type="stmt"/>
      <line num="307" count="3" type="stmt"/>
      <line num="313" count="1" type="stmt"/>
      <line num="316" count="0" type="cond" truecount="0" falsecount="2"/>
      <line num="317" count="0" type="stmt"/>
      <line num="318" count="0" type="cond" truecount="0" falsecount="2"/>
      <line num="319" count="0" type="stmt"/>
      <line num="321" count="0" type="stmt"/>
      <line num="324" count="0" type="stmt"/>
      <line num="326" count="0" type="stmt"/>
      <line num="330" count="0" type="stmt"/>
      <line num="331" count="0" type="cond" truecount="0" falsecount="2"/>
      <line num="332" count="0" type="stmt"/>
      <line num="340" count="0" type="cond" truecount="0" falsecount="3"/>
      <line num="341" count="0" type="cond" truecount="0" falsecount="2"/>
      <line num="342" count="0" type="stmt"/>
      <line num="346" count="0" type="stmt"/>
      <line num="347" count="0" type="stmt"/>
      <line num="348" count="0" type="stmt"/>
      <line num="349" count="0" type="cond" truecount="0" falsecount="2"/>
      <line num="350" count="0" type="cond" truecount="0" falsecount="2"/>
      <line num="351" count="0" type="stmt"/>
      <line num="352" count="0" type="stmt"/>
      <line num="354" count="0" type="stmt"/>
      <line num="358" count="0" type="stmt"/>
      <line num="359" count="0" type="stmt"/>
      <line num="360" count="0" type="stmt"/>
      <line num="362" count="0" type="stmt"/>
      <line num="363" count="0" type="cond" truecount="0" falsecount="2"/>
      <line num="364" count="0" type="cond" truecount="0" falsecount="4"/>
      <line num="365" count="0" type="stmt"/>
      <line num="367" count="0" type="stmt"/>
      <line num="371" count="0" type="stmt"/>
      <line num="372" count="0" type="stmt"/>
      <line num="379" count="0" type="stmt"/>
      <line num="380" count="0" type="stmt"/>
      <line num="381" count="0" type="stmt"/>
      <line num="385" count="0" type="stmt"/>
      <line num="386" count="0" type="stmt"/>
      <line num="387" count="0" type="stmt"/>
      <line num="388" count="0" type="stmt"/>
      <line num="389" count="0" type="stmt"/>
      <line num="390" count="0" type="stmt"/>
      <line num="393" count="0" type="cond" truecount="0" falsecount="2"/>
      <line num="394" count="0" type="stmt"/>
      <line num="396" count="0" type="stmt"/>
      <line num="402" count="0" type="cond" truecount="0" falsecount="4"/>
      <line num="403" count="0" type="stmt"/>
      <line num="408" count="0" type="stmt"/>
      <line num="412" count="0" type="stmt"/>
      <line num="418" count="1" type="stmt"/>
      <line num="421" count="0" type="stmt"/>
      <line num="425" count="0" type="stmt"/>
      <line num="426" count="0" type="cond" truecount="0" falsecount="2"/>
      <line num="427" count="0" type="stmt"/>
      <line num="431" count="0" type="cond" truecount="0" falsecount="2"/>
      <line num="432" count="0" type="stmt"/>
      <line num="440" count="0" type="stmt"/>
      <line num="446" count="0" type="stmt"/>
      <line num="454" count="0" type="stmt"/>
      <line num="455" count="0" type="stmt"/>
      <line num="456" count="0" type="cond" truecount="0" falsecount="2"/>
      <line num="458" count="0" type="cond" truecount="0" falsecount="2"/>
      <line num="459" count="0" type="stmt"/>
      <line num="460" count="0" type="stmt"/>
      <line num="462" count="0" type="stmt"/>
      <line num="469" count="0" type="stmt"/>
      <line num="470" count="0" type="cond" truecount="0" falsecount="2"/>
      <line num="472" count="0" type="cond" truecount="0" falsecount="4"/>
      <line num="475" count="0" type="stmt"/>
      <line num="476" count="0" type="stmt"/>
      <line num="477" count="0" type="stmt"/>
      <line num="479" count="0" type="stmt"/>
      <line num="482" count="0" type="stmt"/>
      <line num="483" count="0" type="stmt"/>
      <line num="484" count="0" type="stmt"/>
      <line num="489" count="0" type="stmt"/>
      <line num="490" count="0" type="stmt"/>
      <line num="491" count="0" type="cond" truecount="0" falsecount="5"/>
      <line num="492" count="0" type="stmt"/>
      <line num="496" count="0" type="stmt"/>
      <line num="497" count="0" type="cond" truecount="0" falsecount="2"/>
      <line num="498" count="0" type="stmt"/>
      <line num="499" count="0" type="cond" truecount="0" falsecount="4"/>
      <line num="502" count="0" type="stmt"/>
      <line num="504" count="0" type="stmt"/>
      <line num="505" count="0" type="stmt"/>
      <line num="506" count="0" type="stmt"/>
      <line num="507" count="0" type="stmt"/>
      <line num="508" count="0" type="stmt"/>
      <line num="511" count="0" type="stmt"/>
      <line num="515" count="0" type="stmt"/>
      <line num="518" count="0" type="cond" truecount="0" falsecount="4"/>
      <line num="519" count="0" type="stmt"/>
      <line num="520" count="0" type="stmt"/>
      <line num="524" count="0" type="cond" truecount="0" falsecount="2"/>
      <line num="525" count="0" type="cond" truecount="0" falsecount="4"/>
      <line num="526" count="0" type="stmt"/>
      <line num="527" count="0" type="stmt"/>
      <line num="528" count="0" type="stmt"/>
      <line num="529" count="0" type="stmt"/>
      <line num="530" count="0" type="stmt"/>
      <line num="531" count="0" type="stmt"/>
      <line num="535" count="0" type="stmt"/>
      <line num="536" count="0" type="cond" truecount="0" falsecount="4"/>
      <line num="537" count="0" type="stmt"/>
      <line num="538" count="0" type="stmt"/>
      <line num="539" count="0" type="stmt"/>
      <line num="540" count="0" type="cond" truecount="0" falsecount="2"/>
      <line num="541" count="0" type="stmt"/>
      <line num="542" count="0" type="stmt"/>
      <line num="543" count="0" type="stmt"/>
      <line num="546" count="0" type="stmt"/>
      <line num="547" count="0" type="stmt"/>
      <line num="548" count="0" type="stmt"/>
      <line num="549" count="0" type="stmt"/>
      <line num="550" count="0" type="stmt"/>
      <line num="551" count="0" type="stmt"/>
      <line num="552" count="0" type="cond" truecount="0" falsecount="2"/>
      <line num="553" count="0" type="stmt"/>
      <line num="555" count="0" type="stmt"/>
      <line num="556" count="0" type="stmt"/>
      <line num="558" count="0" type="stmt"/>
      <line num="559" count="0" type="stmt"/>
      <line num="560" count="0" type="stmt"/>
      <line num="561" count="0" type="stmt"/>
      <line num="562" count="0" type="cond" truecount="0" falsecount="2"/>
      <line num="563" count="0" type="stmt"/>
      <line num="564" count="0" type="stmt"/>
      <line num="571" count="1" type="stmt"/>
      <line num="628" count="1" type="stmt"/>
      <line num="631" count="0" type="stmt"/>
      <line num="632" count="0" type="cond" truecount="0" falsecount="4"/>
      <line num="633" count="0" type="cond" truecount="0" falsecount="4"/>
      <line num="634" count="0" type="stmt"/>
      <line num="640" count="0" type="stmt"/>
      <line num="661" count="0" type="stmt"/>
      <line num="662" count="0" type="cond" truecount="0" falsecount="4"/>
      <line num="666" count="0" type="cond" truecount="0" falsecount="2"/>
      <line num="667" count="0" type="stmt"/>
      <line num="669" count="0" type="stmt"/>
      <line num="675" count="0" type="stmt"/>
      <line num="676" count="0" type="stmt"/>
      <line num="677" count="0" type="stmt"/>
      <line num="679" count="0" type="stmt"/>
      <line num="680" count="0" type="stmt"/>
      <line num="681" count="0" type="stmt"/>
      <line num="682" count="0" type="stmt"/>
      <line num="685" count="0" type="stmt"/>
      <line num="686" count="0" type="cond" truecount="0" falsecount="2"/>
      <line num="687" count="0" type="stmt"/>
      <line num="688" count="0" type="cond" truecount="0" falsecount="2"/>
      <line num="689" count="0" type="stmt"/>
      <line num="690" count="0" type="cond" truecount="0" falsecount="2"/>
      <line num="696" count="0" type="stmt"/>
      <line num="697" count="0" type="stmt"/>
      <line num="698" count="0" type="cond" truecount="0" falsecount="2"/>
      <line num="701" count="0" type="stmt"/>
      <line num="702" count="0" type="stmt"/>
      <line num="703" count="0" type="stmt"/>
      <line num="704" count="0" type="stmt"/>
      <line num="705" count="0" type="cond" truecount="0" falsecount="2"/>
      <line num="706" count="0" type="stmt"/>
      <line num="707" count="0" type="cond" truecount="0" falsecount="2"/>
      <line num="711" count="0" type="cond" truecount="0" falsecount="2"/>
      <line num="712" count="0" type="stmt"/>
      <line num="715" count="0" type="stmt"/>
      <line num="722" count="1" type="stmt"/>
      <line num="723" count="1" type="stmt"/>
      <line num="724" count="1" type="stmt"/>
      <line num="725" count="1" type="stmt"/>
      <line num="726" count="1" type="stmt"/>
      <line num="728" count="1" type="stmt"/>
      <line num="729" count="1" type="stmt"/>
      <line num="730" count="1" type="stmt"/>
      <line num="731" count="1" type="stmt"/>
      <line num="740" count="0" type="cond" truecount="0" falsecount="2"/>
      <line num="741" count="0" type="cond" truecount="0" falsecount="2"/>
      <line num="742" count="0" type="cond" truecount="0" falsecount="2"/>
      <line num="746" count="1" type="stmt"/>
      <line num="747" count="1" type="stmt"/>
      <line num="750" count="1" type="cond" truecount="1" falsecount="1"/>
      <line num="751" count="1" type="stmt"/>
      <line num="752" count="1" type="cond" truecount="1" falsecount="1"/>
      <line num="753" count="1" type="stmt"/>
      <line num="754" count="3" type="stmt"/>
      <line num="764" count="1" type="stmt"/>
      <line num="765" count="1" type="stmt"/>
      <line num="769" count="0" type="cond" truecount="0" falsecount="2"/>
      <line num="771" count="0" type="stmt"/>
      <line num="772" count="0" type="stmt"/>
      <line num="773" count="0" type="stmt"/>
      <line num="774" count="0" type="stmt"/>
      <line num="775" count="0" type="stmt"/>
      <line num="776" count="0" type="stmt"/>
      <line num="780" count="0" type="stmt"/>
      <line num="781" count="0" type="stmt"/>
      <line num="783" count="0" type="stmt"/>
      <line num="785" count="0" type="stmt"/>
      <line num="787" count="0" type="stmt"/>
      <line num="788" count="0" type="cond" truecount="0" falsecount="2"/>
      <line num="789" count="0" type="stmt"/>
      <line num="790" count="0" type="stmt"/>
      <line num="791" count="0" type="stmt"/>
      <line num="792" count="0" type="stmt"/>
      <line num="796" count="0" type="cond" truecount="0" falsecount="4"/>
      <line num="797" count="0" type="stmt"/>
      <line num="798" count="0" type="stmt"/>
      <line num="802" count="0" type="stmt"/>
      <line num="803" count="0" type="stmt"/>
      <line num="804" count="0" type="stmt"/>
      <line num="807" count="0" type="cond" truecount="0" falsecount="2"/>
      <line num="808" count="0" type="cond" truecount="0" falsecount="2"/>
      <line num="809" count="0" type="cond" truecount="0" falsecount="4"/>
      <line num="810" count="0" type="stmt"/>
      <line num="811" count="0" type="stmt"/>
      <line num="814" count="0" type="cond" truecount="0" falsecount="4"/>
      <line num="815" count="0" type="stmt"/>
      <line num="816" count="0" type="cond" truecount="0" falsecount="4"/>
      <line num="817" count="0" type="stmt"/>
      <line num="818" count="0" type="stmt"/>
      <line num="820" count="0" type="cond" truecount="0" falsecount="4"/>
      <line num="821" count="0" type="stmt"/>
      <line num="822" count="0" type="stmt"/>
      <line num="829" count="0" type="cond" truecount="0" falsecount="2"/>
      <line num="830" count="0" type="stmt"/>
      <line num="832" count="0" type="stmt"/>
      <line num="833" count="0" type="stmt"/>
      <line num="835" count="0" type="stmt"/>
      <line num="841" count="0" type="stmt"/>
      <line num="850" count="0" type="cond" truecount="0" falsecount="2"/>
      <line num="851" count="0" type="stmt"/>
      <line num="855" count="0" type="stmt"/>
      <line num="858" count="0" type="stmt"/>
      <line num="859" count="0" type="stmt"/>
      <line num="860" count="0" type="stmt"/>
      <line num="863" count="0" type="cond" truecount="0" falsecount="2"/>
      <line num="864" count="0" type="cond" truecount="0" falsecount="2"/>
      <line num="867" count="0" type="stmt"/>
      <line num="870" count="0" type="stmt"/>
      <line num="871" count="0" type="stmt"/>
      <line num="879" count="0" type="cond" truecount="0" falsecount="2"/>
      <line num="880" count="0" type="cond" truecount="0" falsecount="2"/>
      <line num="883" count="0" type="cond" truecount="0" falsecount="2"/>
      <line num="884" count="0" type="stmt"/>
      <line num="885" count="0" type="cond" truecount="0" falsecount="2"/>
      <line num="886" count="0" type="stmt"/>
      <line num="887" count="0" type="cond" truecount="0" falsecount="4"/>
      <line num="888" count="0" type="stmt"/>
      <line num="889" count="0" type="stmt"/>
      <line num="903" count="0" type="cond" truecount="0" falsecount="2"/>
      <line num="904" count="0" type="stmt"/>
      <line num="905" count="0" type="cond" truecount="0" falsecount="4"/>
      <line num="906" count="0" type="stmt"/>
      <line num="907" count="0" type="stmt"/>
      <line num="908" count="0" type="stmt"/>
      <line num="914" count="0" type="cond" truecount="0" falsecount="2"/>
      <line num="915" count="0" type="stmt"/>
      <line num="916" count="0" type="cond" truecount="0" falsecount="2"/>
      <line num="917" count="0" type="stmt"/>
      <line num="918" count="0" type="stmt"/>
      <line num="928" count="0" type="cond" truecount="0" falsecount="2"/>
      <line num="929" count="0" type="stmt"/>
      <line num="930" count="0" type="stmt"/>
      <line num="931" count="0" type="stmt"/>
      <line num="932" count="0" type="stmt"/>
      <line num="934" count="0" type="cond" truecount="0" falsecount="2"/>
      <line num="935" count="0" type="cond" truecount="0" falsecount="2"/>
      <line num="936" count="0" type="cond" truecount="0" falsecount="4"/>
      <line num="937" count="0" type="cond" truecount="0" falsecount="2"/>
      <line num="940" count="0" type="stmt"/>
      <line num="941" count="0" type="cond" truecount="0" falsecount="4"/>
      <line num="942" count="0" type="stmt"/>
      <line num="943" count="0" type="cond" truecount="0" falsecount="2"/>
      <line num="947" count="0" type="cond" truecount="0" falsecount="2"/>
      <line num="949" count="0" type="stmt"/>
      <line num="961" count="0" type="stmt"/>
      <line num="973" count="0" type="stmt"/>
      <line num="977" count="0" type="stmt"/>
      <line num="981" count="0" type="stmt"/>
      <line num="982" count="0" type="stmt"/>
      <line num="983" count="0" type="stmt"/>
      <line num="985" count="0" type="stmt"/>
      <line num="989" count="0" type="cond" truecount="0" falsecount="2"/>
      <line num="990" count="0" type="stmt"/>
      <line num="991" count="0" type="stmt"/>
      <line num="1002" count="1" type="cond" truecount="1" falsecount="1"/>
      <line num="1003" count="1" type="stmt"/>
      <line num="1004" count="1" type="stmt"/>
      <line num="1008" count="14" type="cond" truecount="1" falsecount="1"/>
      <line num="1030" count="1" type="stmt"/>
      <line num="1032" count="1" type="stmt"/>
    </file>
  </project>
</coverage>
