{"/home/headyme/Heady/src/hc-full-pipeline.js": {"path":"/home/headyme/Heady/src/hc-full-pipeline.js","statementMap":{"0":{"start":{"line":16,"column":25},"end":{"line":16,"column":42}},"1":{"start":{"line":17,"column":15},"end":{"line":17,"column":32}},"2":{"start":{"line":19,"column":15},"end":{"line":29,"column":1}},"3":{"start":{"line":31,"column":15},"end":{"line":39,"column":1}},"4":{"start":{"line":43,"column":8},"end":{"line":43,"column":16}},"5":{"start":{"line":44,"column":8},"end":{"line":44,"column":53}},"6":{"start":{"line":45,"column":8},"end":{"line":45,"column":30}},"7":{"start":{"line":46,"column":8},"end":{"line":46,"column":50}},"8":{"start":{"line":47,"column":8},"end":{"line":47,"column":54}},"9":{"start":{"line":48,"column":8},"end":{"line":48,"column":60}},"10":{"start":{"line":49,"column":8},"end":{"line":49,"column":62}},"11":{"start":{"line":50,"column":8},"end":{"line":50,"column":54}},"12":{"start":{"line":51,"column":8},"end":{"line":51,"column":72}},"13":{"start":{"line":56,"column":16},"end":{"line":56,"column":24}},"14":{"start":{"line":57,"column":8},"end":{"line":62,"column":10}},"15":{"start":{"line":58,"column":12},"end":{"line":58,"column":37}},"16":{"start":{"line":59,"column":20},"end":{"line":59,"column":52}},"17":{"start":{"line":60,"column":12},"end":{"line":60,"column":59}},"18":{"start":{"line":61,"column":12},"end":{"line":61,"column":57}},"19":{"start":{"line":67,"column":22},"end":{"line":67,"column":41}},"20":{"start":{"line":68,"column":21},"end":{"line":68,"column":31}},"21":{"start":{"line":70,"column":20},"end":{"line":95,"column":9}},"22":{"start":{"line":76,"column":45},"end":{"line":85,"column":13}},"23":{"start":{"line":97,"column":8},"end":{"line":97,"column":34}},"24":{"start":{"line":98,"column":8},"end":{"line":98,"column":53}},"25":{"start":{"line":99,"column":8},"end":{"line":99,"column":19}},"26":{"start":{"line":104,"column":20},"end":{"line":104,"column":40}},"27":{"start":{"line":105,"column":8},"end":{"line":105,"column":60}},"28":{"start":{"line":105,"column":18},"end":{"line":105,"column":60}},"29":{"start":{"line":107,"column":8},"end":{"line":107,"column":36}},"30":{"start":{"line":108,"column":8},"end":{"line":108,"column":49}},"31":{"start":{"line":109,"column":8},"end":{"line":109,"column":44}},"32":{"start":{"line":111,"column":8},"end":{"line":195,"column":9}},"33":{"start":{"line":112,"column":12},"end":{"line":185,"column":13}},"34":{"start":{"line":112,"column":25},"end":{"line":112,"column":26}},"35":{"start":{"line":113,"column":30},"end":{"line":113,"column":43}},"36":{"start":{"line":114,"column":16},"end":{"line":114,"column":37}},"37":{"start":{"line":117,"column":16},"end":{"line":121,"column":17}},"38":{"start":{"line":118,"column":20},"end":{"line":118,"column":50}},"39":{"start":{"line":119,"column":20},"end":{"line":119,"column":77}},"40":{"start":{"line":120,"column":20},"end":{"line":120,"column":29}},"41":{"start":{"line":124,"column":16},"end":{"line":124,"column":46}},"42":{"start":{"line":125,"column":16},"end":{"line":125,"column":59}},"43":{"start":{"line":126,"column":16},"end":{"line":126,"column":85}},"44":{"start":{"line":128,"column":16},"end":{"line":184,"column":17}},"45":{"start":{"line":129,"column":35},"end":{"line":129,"column":71}},"46":{"start":{"line":130,"column":20},"end":{"line":130,"column":42}},"47":{"start":{"line":131,"column":20},"end":{"line":131,"column":52}},"48":{"start":{"line":132,"column":20},"end":{"line":132,"column":64}},"49":{"start":{"line":133,"column":20},"end":{"line":133,"column":102}},"50":{"start":{"line":134,"column":20},"end":{"line":134,"column":111}},"51":{"start":{"line":137,"column":20},"end":{"line":140,"column":21}},"52":{"start":{"line":138,"column":24},"end":{"line":138,"column":107}},"53":{"start":{"line":139,"column":24},"end":{"line":139,"column":35}},"54":{"start":{"line":142,"column":20},"end":{"line":142,"column":49}},"55":{"start":{"line":143,"column":20},"end":{"line":143,"column":46}},"56":{"start":{"line":144,"column":20},"end":{"line":144,"column":64}},"57":{"start":{"line":145,"column":20},"end":{"line":145,"column":96}},"58":{"start":{"line":148,"column":35},"end":{"line":148,"column":75}},"59":{"start":{"line":149,"column":20},"end":{"line":167,"column":21}},"60":{"start":{"line":151,"column":24},"end":{"line":151,"column":54}},"61":{"start":{"line":152,"column":24},"end":{"line":152,"column":43}},"62":{"start":{"line":153,"column":24},"end":{"line":153,"column":67}},"63":{"start":{"line":154,"column":24},"end":{"line":154,"column":100}},"64":{"start":{"line":155,"column":24},"end":{"line":166,"column":25}},"65":{"start":{"line":156,"column":48},"end":{"line":156,"column":84}},"66":{"start":{"line":157,"column":28},"end":{"line":157,"column":55}},"67":{"start":{"line":158,"column":28},"end":{"line":158,"column":60}},"68":{"start":{"line":159,"column":28},"end":{"line":159,"column":72}},"69":{"start":{"line":160,"column":28},"end":{"line":160,"column":110}},"70":{"start":{"line":161,"column":28},"end":{"line":161,"column":60}},"71":{"start":{"line":162,"column":28},"end":{"line":162,"column":126}},"72":{"start":{"line":163,"column":28},"end":{"line":163,"column":37}},"73":{"start":{"line":170,"column":20},"end":{"line":176,"column":21}},"74":{"start":{"line":171,"column":24},"end":{"line":175,"column":27}},"75":{"start":{"line":179,"column":20},"end":{"line":179,"column":49}},"76":{"start":{"line":180,"column":20},"end":{"line":180,"column":47}},"77":{"start":{"line":181,"column":20},"end":{"line":181,"column":62}},"78":{"start":{"line":182,"column":20},"end":{"line":182,"column":100}},"79":{"start":{"line":183,"column":20},"end":{"line":183,"column":31}},"80":{"start":{"line":187,"column":12},"end":{"line":187,"column":42}},"81":{"start":{"line":188,"column":12},"end":{"line":188,"column":54}},"82":{"start":{"line":189,"column":12},"end":{"line":189,"column":62}},"83":{"start":{"line":190,"column":12},"end":{"line":190,"column":70}},"84":{"start":{"line":192,"column":12},"end":{"line":192,"column":39}},"85":{"start":{"line":193,"column":12},"end":{"line":193,"column":54}},"86":{"start":{"line":194,"column":12},"end":{"line":194,"column":67}},"87":{"start":{"line":197,"column":8},"end":{"line":197,"column":19}},"88":{"start":{"line":202,"column":8},"end":{"line":223,"column":9}},"89":{"start":{"line":204,"column":16},"end":{"line":204,"column":46}},"90":{"start":{"line":206,"column":16},"end":{"line":206,"column":46}},"91":{"start":{"line":208,"column":16},"end":{"line":208,"column":50}},"92":{"start":{"line":210,"column":16},"end":{"line":210,"column":45}},"93":{"start":{"line":212,"column":16},"end":{"line":212,"column":45}},"94":{"start":{"line":214,"column":16},"end":{"line":214,"column":47}},"95":{"start":{"line":216,"column":16},"end":{"line":216,"column":47}},"96":{"start":{"line":218,"column":16},"end":{"line":218,"column":46}},"97":{"start":{"line":220,"column":16},"end":{"line":220,"column":47}},"98":{"start":{"line":222,"column":16},"end":{"line":222,"column":64}},"99":{"start":{"line":229,"column":28},"end":{"line":229,"column":31}},"100":{"start":{"line":230,"column":8},"end":{"line":232,"column":9}},"101":{"start":{"line":231,"column":12},"end":{"line":231,"column":74}},"102":{"start":{"line":233,"column":8},"end":{"line":237,"column":10}},"103":{"start":{"line":241,"column":20},"end":{"line":241,"column":31}},"104":{"start":{"line":242,"column":25},"end":{"line":242,"column":42}},"105":{"start":{"line":243,"column":26},"end":{"line":243,"column":48}},"106":{"start":{"line":244,"column":25},"end":{"line":244,"column":72}},"107":{"start":{"line":245,"column":8},"end":{"line":245,"column":64}},"108":{"start":{"line":249,"column":8},"end":{"line":251,"column":9}},"109":{"start":{"line":250,"column":12},"end":{"line":250,"column":58}},"110":{"start":{"line":252,"column":25},"end":{"line":257,"column":9}},"111":{"start":{"line":258,"column":8},"end":{"line":258,"column":60}},"112":{"start":{"line":262,"column":8},"end":{"line":264,"column":9}},"113":{"start":{"line":263,"column":12},"end":{"line":263,"column":63}},"114":{"start":{"line":266,"column":20},"end":{"line":266,"column":51}},"115":{"start":{"line":267,"column":23},"end":{"line":267,"column":43}},"116":{"start":{"line":268,"column":22},"end":{"line":268,"column":70}},"117":{"start":{"line":269,"column":24},"end":{"line":274,"column":11}},"118":{"start":{"line":269,"column":43},"end":{"line":274,"column":9}},"119":{"start":{"line":275,"column":8},"end":{"line":275,"column":50}},"120":{"start":{"line":275,"column":31},"end":{"line":275,"column":48}},"121":{"start":{"line":276,"column":8},"end":{"line":276,"column":104}},"122":{"start":{"line":280,"column":22},"end":{"line":280,"column":42}},"123":{"start":{"line":281,"column":8},"end":{"line":281,"column":73}},"124":{"start":{"line":281,"column":28},"end":{"line":281,"column":73}},"125":{"start":{"line":283,"column":20},"end":{"line":283,"column":58}},"126":{"start":{"line":284,"column":23},"end":{"line":284,"column":35}},"127":{"start":{"line":285,"column":8},"end":{"line":296,"column":10}},"128":{"start":{"line":300,"column":8},"end":{"line":302,"column":9}},"129":{"start":{"line":301,"column":12},"end":{"line":301,"column":70}},"130":{"start":{"line":304,"column":8},"end":{"line":304,"column":35}},"131":{"start":{"line":305,"column":8},"end":{"line":305,"column":85}},"132":{"start":{"line":309,"column":22},"end":{"line":309,"column":42}},"133":{"start":{"line":310,"column":8},"end":{"line":314,"column":10}},"134":{"start":{"line":318,"column":19},"end":{"line":318,"column":39}},"135":{"start":{"line":319,"column":27},"end":{"line":319,"column":47}},"136":{"start":{"line":320,"column":23},"end":{"line":320,"column":39}},"137":{"start":{"line":321,"column":8},"end":{"line":323,"column":9}},"138":{"start":{"line":322,"column":12},"end":{"line":322,"column":98}},"139":{"start":{"line":324,"column":8},"end":{"line":324,"column":68}},"140":{"start":{"line":328,"column":8},"end":{"line":341,"column":10}},"141":{"start":{"line":333,"column":41},"end":{"line":337,"column":13}},"142":{"start":{"line":346,"column":22},"end":{"line":353,"column":9}},"143":{"start":{"line":354,"column":8},"end":{"line":354,"column":48}},"144":{"start":{"line":359,"column":8},"end":{"line":359,"column":29}},"145":{"start":{"line":360,"column":8},"end":{"line":360,"column":101}},"146":{"start":{"line":361,"column":8},"end":{"line":368,"column":9}},"147":{"start":{"line":361,"column":21},"end":{"line":361,"column":36}},"148":{"start":{"line":362,"column":26},"end":{"line":362,"column":39}},"149":{"start":{"line":363,"column":12},"end":{"line":367,"column":13}},"150":{"start":{"line":364,"column":16},"end":{"line":364,"column":50}},"151":{"start":{"line":365,"column":16},"end":{"line":365,"column":100}},"152":{"start":{"line":366,"column":16},"end":{"line":366,"column":84}},"153":{"start":{"line":369,"column":8},"end":{"line":369,"column":81}},"154":{"start":{"line":379,"column":8},"end":{"line":379,"column":38}},"155":{"start":{"line":380,"column":8},"end":{"line":380,"column":99}},"156":{"start":{"line":383,"column":8},"end":{"line":398,"column":9}},"157":{"start":{"line":384,"column":12},"end":{"line":397,"column":55}},"158":{"start":{"line":385,"column":30},"end":{"line":385,"column":86}},"159":{"start":{"line":386,"column":32},"end":{"line":386,"column":110}},"160":{"start":{"line":387,"column":16},"end":{"line":396,"column":17}},"161":{"start":{"line":388,"column":20},"end":{"line":388,"column":51}},"162":{"start":{"line":389,"column":20},"end":{"line":394,"column":23}},"163":{"start":{"line":395,"column":20},"end":{"line":395,"column":32}},"164":{"start":{"line":401,"column":8},"end":{"line":413,"column":9}},"165":{"start":{"line":402,"column":29},"end":{"line":402,"column":67}},"166":{"start":{"line":403,"column":30},"end":{"line":403,"column":77}},"167":{"start":{"line":404,"column":12},"end":{"line":412,"column":13}},"168":{"start":{"line":405,"column":16},"end":{"line":405,"column":47}},"169":{"start":{"line":406,"column":16},"end":{"line":410,"column":19}},"170":{"start":{"line":411,"column":16},"end":{"line":411,"column":28}},"171":{"start":{"line":416,"column":8},"end":{"line":428,"column":9}},"172":{"start":{"line":417,"column":12},"end":{"line":427,"column":41}},"173":{"start":{"line":418,"column":16},"end":{"line":426,"column":19}},"174":{"start":{"line":430,"column":8},"end":{"line":430,"column":38}},"175":{"start":{"line":431,"column":8},"end":{"line":431,"column":76}},"176":{"start":{"line":432,"column":8},"end":{"line":432,"column":21}},"177":{"start":{"line":437,"column":20},"end":{"line":437,"column":40}},"178":{"start":{"line":438,"column":8},"end":{"line":440,"column":9}},"179":{"start":{"line":439,"column":12},"end":{"line":439,"column":58}},"180":{"start":{"line":442,"column":29},"end":{"line":442,"column":42}},"181":{"start":{"line":443,"column":8},"end":{"line":443,"column":107}},"182":{"start":{"line":444,"column":8},"end":{"line":444,"column":47}},"183":{"start":{"line":445,"column":8},"end":{"line":445,"column":59}},"184":{"start":{"line":447,"column":8},"end":{"line":452,"column":9}},"185":{"start":{"line":448,"column":12},"end":{"line":448,"column":39}},"186":{"start":{"line":449,"column":12},"end":{"line":449,"column":54}},"187":{"start":{"line":450,"column":12},"end":{"line":450,"column":73}},"188":{"start":{"line":451,"column":12},"end":{"line":451,"column":23}},"189":{"start":{"line":454,"column":8},"end":{"line":454,"column":36}},"190":{"start":{"line":456,"column":8},"end":{"line":478,"column":9}},"191":{"start":{"line":456,"column":21},"end":{"line":456,"column":22}},"192":{"start":{"line":457,"column":26},"end":{"line":457,"column":39}},"193":{"start":{"line":458,"column":12},"end":{"line":458,"column":33}},"194":{"start":{"line":459,"column":12},"end":{"line":459,"column":42}},"195":{"start":{"line":460,"column":12},"end":{"line":460,"column":55}},"196":{"start":{"line":461,"column":12},"end":{"line":461,"column":69}},"197":{"start":{"line":463,"column":12},"end":{"line":477,"column":13}},"198":{"start":{"line":464,"column":31},"end":{"line":464,"column":67}},"199":{"start":{"line":465,"column":16},"end":{"line":465,"column":38}},"200":{"start":{"line":466,"column":16},"end":{"line":466,"column":48}},"201":{"start":{"line":467,"column":16},"end":{"line":467,"column":60}},"202":{"start":{"line":468,"column":16},"end":{"line":468,"column":98}},"203":{"start":{"line":469,"column":16},"end":{"line":469,"column":83}},"204":{"start":{"line":471,"column":16},"end":{"line":471,"column":45}},"205":{"start":{"line":472,"column":16},"end":{"line":472,"column":42}},"206":{"start":{"line":473,"column":16},"end":{"line":473,"column":43}},"207":{"start":{"line":474,"column":16},"end":{"line":474,"column":58}},"208":{"start":{"line":475,"column":16},"end":{"line":475,"column":71}},"209":{"start":{"line":476,"column":16},"end":{"line":476,"column":27}},"210":{"start":{"line":480,"column":8},"end":{"line":480,"column":38}},"211":{"start":{"line":481,"column":8},"end":{"line":481,"column":50}},"212":{"start":{"line":482,"column":8},"end":{"line":482,"column":58}},"213":{"start":{"line":483,"column":8},"end":{"line":483,"column":66}},"214":{"start":{"line":484,"column":8},"end":{"line":484,"column":19}},"215":{"start":{"line":488,"column":20},"end":{"line":488,"column":56}},"216":{"start":{"line":491,"column":8},"end":{"line":493,"column":29}},"217":{"start":{"line":492,"column":28},"end":{"line":492,"column":80}},"218":{"start":{"line":497,"column":20},"end":{"line":497,"column":43}},"219":{"start":{"line":498,"column":8},"end":{"line":505,"column":10}},"220":{"start":{"line":500,"column":37},"end":{"line":500,"column":64}},"221":{"start":{"line":501,"column":36},"end":{"line":501,"column":62}},"222":{"start":{"line":502,"column":39},"end":{"line":502,"column":68}},"223":{"start":{"line":503,"column":36},"end":{"line":503,"column":62}},"224":{"start":{"line":509,"column":0},"end":{"line":509,"column":31}},"225":{"start":{"line":510,"column":0},"end":{"line":510,"column":31}},"226":{"start":{"line":512,"column":0},"end":{"line":512,"column":32}}},"fnMap":{"0":{"name":"(anonymous_0)","decl":{"start":{"line":42,"column":4},"end":{"line":42,"column":5}},"loc":{"start":{"line":42,"column":27},"end":{"line":52,"column":5}},"line":42},"1":{"name":"(anonymous_1)","decl":{"start":{"line":55,"column":4},"end":{"line":55,"column":5}},"loc":{"start":{"line":55,"column":27},"end":{"line":63,"column":5}},"line":55},"2":{"name":"(anonymous_2)","decl":{"start":{"line":57,"column":15},"end":{"line":57,"column":16}},"loc":{"start":{"line":57,"column":21},"end":{"line":62,"column":9}},"line":57},"3":{"name":"(anonymous_3)","decl":{"start":{"line":66,"column":4},"end":{"line":66,"column":5}},"loc":{"start":{"line":66,"column":28},"end":{"line":100,"column":5}},"line":66},"4":{"name":"(anonymous_4)","decl":{"start":{"line":76,"column":31},"end":{"line":76,"column":32}},"loc":{"start":{"line":76,"column":45},"end":{"line":85,"column":13}},"line":76},"5":{"name":"(anonymous_5)","decl":{"start":{"line":103,"column":4},"end":{"line":103,"column":5}},"loc":{"start":{"line":103,"column":25},"end":{"line":198,"column":5}},"line":103},"6":{"name":"(anonymous_6)","decl":{"start":{"line":201,"column":4},"end":{"line":201,"column":5}},"loc":{"start":{"line":201,"column":36},"end":{"line":224,"column":5}},"line":201},"7":{"name":"(anonymous_7)","decl":{"start":{"line":228,"column":4},"end":{"line":228,"column":5}},"loc":{"start":{"line":228,"column":22},"end":{"line":238,"column":5}},"line":228},"8":{"name":"(anonymous_8)","decl":{"start":{"line":240,"column":4},"end":{"line":240,"column":5}},"loc":{"start":{"line":240,"column":22},"end":{"line":246,"column":5}},"line":240},"9":{"name":"(anonymous_9)","decl":{"start":{"line":248,"column":4},"end":{"line":248,"column":5}},"loc":{"start":{"line":248,"column":26},"end":{"line":259,"column":5}},"line":248},"10":{"name":"(anonymous_10)","decl":{"start":{"line":261,"column":4},"end":{"line":261,"column":5}},"loc":{"start":{"line":261,"column":21},"end":{"line":277,"column":5}},"line":261},"11":{"name":"(anonymous_11)","decl":{"start":{"line":269,"column":34},"end":{"line":269,"column":35}},"loc":{"start":{"line":269,"column":43},"end":{"line":274,"column":9}},"line":269},"12":{"name":"(anonymous_12)","decl":{"start":{"line":275,"column":21},"end":{"line":275,"column":22}},"loc":{"start":{"line":275,"column":31},"end":{"line":275,"column":48}},"line":275},"13":{"name":"(anonymous_13)","decl":{"start":{"line":279,"column":4},"end":{"line":279,"column":5}},"loc":{"start":{"line":279,"column":21},"end":{"line":297,"column":5}},"line":279},"14":{"name":"(anonymous_14)","decl":{"start":{"line":299,"column":4},"end":{"line":299,"column":5}},"loc":{"start":{"line":299,"column":23},"end":{"line":306,"column":5}},"line":299},"15":{"name":"(anonymous_15)","decl":{"start":{"line":308,"column":4},"end":{"line":308,"column":5}},"loc":{"start":{"line":308,"column":23},"end":{"line":315,"column":5}},"line":308},"16":{"name":"(anonymous_16)","decl":{"start":{"line":317,"column":4},"end":{"line":317,"column":5}},"loc":{"start":{"line":317,"column":22},"end":{"line":325,"column":5}},"line":317},"17":{"name":"(anonymous_17)","decl":{"start":{"line":327,"column":4},"end":{"line":327,"column":5}},"loc":{"start":{"line":327,"column":23},"end":{"line":342,"column":5}},"line":327},"18":{"name":"(anonymous_18)","decl":{"start":{"line":333,"column":35},"end":{"line":333,"column":36}},"loc":{"start":{"line":333,"column":41},"end":{"line":337,"column":13}},"line":333},"19":{"name":"(anonymous_19)","decl":{"start":{"line":345,"column":4},"end":{"line":345,"column":5}},"loc":{"start":{"line":345,"column":30},"end":{"line":355,"column":5}},"line":345},"20":{"name":"(anonymous_20)","decl":{"start":{"line":358,"column":4},"end":{"line":358,"column":5}},"loc":{"start":{"line":358,"column":38},"end":{"line":370,"column":5}},"line":358},"21":{"name":"(anonymous_21)","decl":{"start":{"line":378,"column":4},"end":{"line":378,"column":5}},"loc":{"start":{"line":378,"column":51},"end":{"line":433,"column":5}},"line":378},"22":{"name":"(anonymous_22)","decl":{"start":{"line":436,"column":4},"end":{"line":436,"column":5}},"loc":{"start":{"line":436,"column":39},"end":{"line":485,"column":5}},"line":436},"23":{"name":"(anonymous_23)","decl":{"start":{"line":488,"column":4},"end":{"line":488,"column":5}},"loc":{"start":{"line":488,"column":18},"end":{"line":488,"column":58}},"line":488},"24":{"name":"(anonymous_24)","decl":{"start":{"line":490,"column":4},"end":{"line":490,"column":5}},"loc":{"start":{"line":490,"column":25},"end":{"line":494,"column":5}},"line":490},"25":{"name":"(anonymous_25)","decl":{"start":{"line":492,"column":18},"end":{"line":492,"column":19}},"loc":{"start":{"line":492,"column":28},"end":{"line":492,"column":80}},"line":492},"26":{"name":"(anonymous_26)","decl":{"start":{"line":496,"column":4},"end":{"line":496,"column":5}},"loc":{"start":{"line":496,"column":13},"end":{"line":506,"column":5}},"line":496},"27":{"name":"(anonymous_27)","decl":{"start":{"line":500,"column":32},"end":{"line":500,"column":33}},"loc":{"start":{"line":500,"column":37},"end":{"line":500,"column":64}},"line":500},"28":{"name":"(anonymous_28)","decl":{"start":{"line":501,"column":31},"end":{"line":501,"column":32}},"loc":{"start":{"line":501,"column":36},"end":{"line":501,"column":62}},"line":501},"29":{"name":"(anonymous_29)","decl":{"start":{"line":502,"column":34},"end":{"line":502,"column":35}},"loc":{"start":{"line":502,"column":39},"end":{"line":502,"column":68}},"line":502},"30":{"name":"(anonymous_30)","decl":{"start":{"line":503,"column":31},"end":{"line":503,"column":32}},"loc":{"start":{"line":503,"column":36},"end":{"line":503,"column":62}},"line":503}},"branchMap":{"0":{"loc":{"start":{"line":42,"column":16},"end":{"line":42,"column":25}},"type":"default-arg","locations":[{"start":{"line":42,"column":23},"end":{"line":42,"column":25}}],"line":42},"1":{"loc":{"start":{"line":44,"column":29},"end":{"line":44,"column":52}},"type":"binary-expr","locations":[{"start":{"line":44,"column":29},"end":{"line":44,"column":47}},{"start":{"line":44,"column":51},"end":{"line":44,"column":52}}],"line":44},"2":{"loc":{"start":{"line":46,"column":26},"end":{"line":46,"column":49}},"type":"binary-expr","locations":[{"start":{"line":46,"column":26},"end":{"line":46,"column":41}},{"start":{"line":46,"column":45},"end":{"line":46,"column":49}}],"line":46},"3":{"loc":{"start":{"line":47,"column":28},"end":{"line":47,"column":53}},"type":"binary-expr","locations":[{"start":{"line":47,"column":28},"end":{"line":47,"column":45}},{"start":{"line":47,"column":49},"end":{"line":47,"column":53}}],"line":47},"4":{"loc":{"start":{"line":48,"column":31},"end":{"line":48,"column":59}},"type":"binary-expr","locations":[{"start":{"line":48,"column":31},"end":{"line":48,"column":51}},{"start":{"line":48,"column":55},"end":{"line":48,"column":59}}],"line":48},"5":{"loc":{"start":{"line":49,"column":32},"end":{"line":49,"column":61}},"type":"binary-expr","locations":[{"start":{"line":49,"column":32},"end":{"line":49,"column":53}},{"start":{"line":49,"column":57},"end":{"line":49,"column":61}}],"line":49},"6":{"loc":{"start":{"line":50,"column":28},"end":{"line":50,"column":53}},"type":"binary-expr","locations":[{"start":{"line":50,"column":28},"end":{"line":50,"column":45}},{"start":{"line":50,"column":49},"end":{"line":50,"column":53}}],"line":50},"7":{"loc":{"start":{"line":66,"column":14},"end":{"line":66,"column":26}},"type":"default-arg","locations":[{"start":{"line":66,"column":24},"end":{"line":66,"column":26}}],"line":66},"8":{"loc":{"start":{"line":72,"column":23},"end":{"line":72,"column":49}},"type":"binary-expr","locations":[{"start":{"line":72,"column":23},"end":{"line":72,"column":40}},{"start":{"line":72,"column":44},"end":{"line":72,"column":49}}],"line":72},"9":{"loc":{"start":{"line":89,"column":34},"end":{"line":89,"column":98}},"type":"binary-expr","locations":[{"start":{"line":89,"column":34},"end":{"line":89,"column":62}},{"start":{"line":89,"column":66},"end":{"line":89,"column":98}}],"line":89},"10":{"loc":{"start":{"line":90,"column":28},"end":{"line":90,"column":52}},"type":"binary-expr","locations":[{"start":{"line":90,"column":28},"end":{"line":90,"column":46}},{"start":{"line":90,"column":50},"end":{"line":90,"column":52}}],"line":90},"11":{"loc":{"start":{"line":105,"column":8},"end":{"line":105,"column":60}},"type":"if","locations":[{"start":{"line":105,"column":8},"end":{"line":105,"column":60}},{"start":{},"end":{}}],"line":105},"12":{"loc":{"start":{"line":117,"column":16},"end":{"line":121,"column":17}},"type":"if","locations":[{"start":{"line":117,"column":16},"end":{"line":121,"column":17}},{"start":{},"end":{}}],"line":117},"13":{"loc":{"start":{"line":137,"column":20},"end":{"line":140,"column":21}},"type":"if","locations":[{"start":{"line":137,"column":20},"end":{"line":140,"column":21}},{"start":{},"end":{}}],"line":137},"14":{"loc":{"start":{"line":149,"column":20},"end":{"line":167,"column":21}},"type":"if","locations":[{"start":{"line":149,"column":20},"end":{"line":167,"column":21}},{"start":{},"end":{}}],"line":149},"15":{"loc":{"start":{"line":170,"column":20},"end":{"line":176,"column":21}},"type":"if","locations":[{"start":{"line":170,"column":20},"end":{"line":176,"column":21}},{"start":{},"end":{}}],"line":170},"16":{"loc":{"start":{"line":202,"column":8},"end":{"line":223,"column":9}},"type":"switch","locations":[{"start":{"line":203,"column":12},"end":{"line":204,"column":46}},{"start":{"line":205,"column":12},"end":{"line":206,"column":46}},{"start":{"line":207,"column":12},"end":{"line":208,"column":50}},{"start":{"line":209,"column":12},"end":{"line":210,"column":45}},{"start":{"line":211,"column":12},"end":{"line":212,"column":45}},{"start":{"line":213,"column":12},"end":{"line":214,"column":47}},{"start":{"line":215,"column":12},"end":{"line":216,"column":47}},{"start":{"line":217,"column":12},"end":{"line":218,"column":46}},{"start":{"line":219,"column":12},"end":{"line":220,"column":47}},{"start":{"line":221,"column":12},"end":{"line":222,"column":64}}],"line":202},"17":{"loc":{"start":{"line":230,"column":8},"end":{"line":232,"column":9}},"type":"if","locations":[{"start":{"line":230,"column":8},"end":{"line":232,"column":9}},{"start":{},"end":{}}],"line":230},"18":{"loc":{"start":{"line":230,"column":12},"end":{"line":230,"column":61}},"type":"binary-expr","locations":[{"start":{"line":230,"column":12},"end":{"line":230,"column":25}},{"start":{"line":230,"column":29},"end":{"line":230,"column":44}},{"start":{"line":230,"column":48},"end":{"line":230,"column":61}}],"line":230},"19":{"loc":{"start":{"line":235,"column":22},"end":{"line":235,"column":51}},"type":"binary-expr","locations":[{"start":{"line":235,"column":22},"end":{"line":235,"column":38}},{"start":{"line":235,"column":42},"end":{"line":235,"column":51}}],"line":235},"20":{"loc":{"start":{"line":242,"column":25},"end":{"line":242,"column":42}},"type":"binary-expr","locations":[{"start":{"line":242,"column":25},"end":{"line":242,"column":37}},{"start":{"line":242,"column":41},"end":{"line":242,"column":42}}],"line":242},"21":{"loc":{"start":{"line":243,"column":26},"end":{"line":243,"column":48}},"type":"binary-expr","locations":[{"start":{"line":243,"column":26},"end":{"line":243,"column":39}},{"start":{"line":243,"column":43},"end":{"line":243,"column":48}}],"line":243},"22":{"loc":{"start":{"line":244,"column":46},"end":{"line":244,"column":71}},"type":"binary-expr","locations":[{"start":{"line":244,"column":46},"end":{"line":244,"column":58}},{"start":{"line":244,"column":62},"end":{"line":244,"column":71}}],"line":244},"23":{"loc":{"start":{"line":249,"column":8},"end":{"line":251,"column":9}},"type":"if","locations":[{"start":{"line":249,"column":8},"end":{"line":251,"column":9}},{"start":{},"end":{}}],"line":249},"24":{"loc":{"start":{"line":255,"column":25},"end":{"line":255,"column":54}},"type":"binary-expr","locations":[{"start":{"line":255,"column":25},"end":{"line":255,"column":48}},{"start":{"line":255,"column":52},"end":{"line":255,"column":54}}],"line":255},"25":{"loc":{"start":{"line":256,"column":25},"end":{"line":256,"column":54}},"type":"binary-expr","locations":[{"start":{"line":256,"column":25},"end":{"line":256,"column":48}},{"start":{"line":256,"column":52},"end":{"line":256,"column":54}}],"line":256},"26":{"loc":{"start":{"line":262,"column":8},"end":{"line":264,"column":9}},"type":"if","locations":[{"start":{"line":262,"column":8},"end":{"line":264,"column":9}},{"start":{},"end":{}}],"line":262},"27":{"loc":{"start":{"line":268,"column":22},"end":{"line":268,"column":70}},"type":"binary-expr","locations":[{"start":{"line":268,"column":22},"end":{"line":268,"column":38}},{"start":{"line":268,"column":42},"end":{"line":268,"column":70}}],"line":268},"28":{"loc":{"start":{"line":271,"column":44},"end":{"line":271,"column":92}},"type":"binary-expr","locations":[{"start":{"line":271,"column":44},"end":{"line":271,"column":60}},{"start":{"line":271,"column":64},"end":{"line":271,"column":82}},{"start":{"line":271,"column":86},"end":{"line":271,"column":92}}],"line":271},"29":{"loc":{"start":{"line":281,"column":8},"end":{"line":281,"column":73}},"type":"if","locations":[{"start":{"line":281,"column":8},"end":{"line":281,"column":73}},{"start":{},"end":{}}],"line":281},"30":{"loc":{"start":{"line":300,"column":8},"end":{"line":302,"column":9}},"type":"if","locations":[{"start":{"line":300,"column":8},"end":{"line":302,"column":9}},{"start":{},"end":{}}],"line":300},"31":{"loc":{"start":{"line":312,"column":20},"end":{"line":312,"column":46}},"type":"binary-expr","locations":[{"start":{"line":312,"column":20},"end":{"line":312,"column":33}},{"start":{"line":312,"column":37},"end":{"line":312,"column":46}}],"line":312},"32":{"loc":{"start":{"line":319,"column":27},"end":{"line":319,"column":47}},"type":"binary-expr","locations":[{"start":{"line":319,"column":27},"end":{"line":319,"column":41}},{"start":{"line":319,"column":45},"end":{"line":319,"column":47}}],"line":319},"33":{"loc":{"start":{"line":321,"column":8},"end":{"line":323,"column":9}},"type":"if","locations":[{"start":{"line":321,"column":8},"end":{"line":323,"column":9}},{"start":{},"end":{}}],"line":321},"34":{"loc":{"start":{"line":336,"column":28},"end":{"line":336,"column":53}},"type":"binary-expr","locations":[{"start":{"line":336,"column":28},"end":{"line":336,"column":48}},{"start":{"line":336,"column":52},"end":{"line":336,"column":53}}],"line":336},"35":{"loc":{"start":{"line":338,"column":20},"end":{"line":338,"column":58}},"type":"binary-expr","locations":[{"start":{"line":338,"column":20},"end":{"line":338,"column":49}},{"start":{"line":338,"column":53},"end":{"line":338,"column":58}}],"line":338},"36":{"loc":{"start":{"line":339,"column":24},"end":{"line":339,"column":66}},"type":"binary-expr","locations":[{"start":{"line":339,"column":24},"end":{"line":339,"column":57}},{"start":{"line":339,"column":61},"end":{"line":339,"column":66}}],"line":339},"37":{"loc":{"start":{"line":354,"column":15},"end":{"line":354,"column":47}},"type":"binary-expr","locations":[{"start":{"line":354,"column":15},"end":{"line":354,"column":30}},{"start":{"line":354,"column":34},"end":{"line":354,"column":47}}],"line":354},"38":{"loc":{"start":{"line":363,"column":12},"end":{"line":367,"column":13}},"type":"if","locations":[{"start":{"line":363,"column":12},"end":{"line":367,"column":13}},{"start":{},"end":{}}],"line":363},"39":{"loc":{"start":{"line":383,"column":8},"end":{"line":398,"column":9}},"type":"if","locations":[{"start":{"line":383,"column":8},"end":{"line":398,"column":9}},{"start":{},"end":{}}],"line":383},"40":{"loc":{"start":{"line":387,"column":16},"end":{"line":396,"column":17}},"type":"if","locations":[{"start":{"line":387,"column":16},"end":{"line":396,"column":17}},{"start":{},"end":{}}],"line":387},"41":{"loc":{"start":{"line":387,"column":20},"end":{"line":387,"column":65}},"type":"binary-expr","locations":[{"start":{"line":387,"column":20},"end":{"line":387,"column":38}},{"start":{"line":387,"column":42},"end":{"line":387,"column":65}}],"line":387},"42":{"loc":{"start":{"line":401,"column":8},"end":{"line":413,"column":9}},"type":"if","locations":[{"start":{"line":401,"column":8},"end":{"line":413,"column":9}},{"start":{},"end":{}}],"line":401},"43":{"loc":{"start":{"line":404,"column":12},"end":{"line":412,"column":13}},"type":"if","locations":[{"start":{"line":404,"column":12},"end":{"line":412,"column":13}},{"start":{},"end":{}}],"line":404},"44":{"loc":{"start":{"line":416,"column":8},"end":{"line":428,"column":9}},"type":"if","locations":[{"start":{"line":416,"column":8},"end":{"line":428,"column":9}},{"start":{},"end":{}}],"line":416},"45":{"loc":{"start":{"line":436,"column":24},"end":{"line":436,"column":37}},"type":"default-arg","locations":[{"start":{"line":436,"column":35},"end":{"line":436,"column":37}}],"line":436},"46":{"loc":{"start":{"line":438,"column":8},"end":{"line":440,"column":9}},"type":"if","locations":[{"start":{"line":438,"column":8},"end":{"line":440,"column":9}},{"start":{},"end":{}}],"line":438},"47":{"loc":{"start":{"line":438,"column":12},"end":{"line":438,"column":48}},"type":"binary-expr","locations":[{"start":{"line":438,"column":12},"end":{"line":438,"column":16}},{"start":{"line":438,"column":20},"end":{"line":438,"column":48}}],"line":438},"48":{"loc":{"start":{"line":443,"column":78},"end":{"line":443,"column":104}},"type":"binary-expr","locations":[{"start":{"line":443,"column":78},"end":{"line":443,"column":92}},{"start":{"line":443,"column":96},"end":{"line":443,"column":104}}],"line":443},"49":{"loc":{"start":{"line":447,"column":8},"end":{"line":452,"column":9}},"type":"if","locations":[{"start":{"line":447,"column":8},"end":{"line":452,"column":9}},{"start":{},"end":{}}],"line":447},"50":{"loc":{"start":{"line":488,"column":27},"end":{"line":488,"column":55}},"type":"binary-expr","locations":[{"start":{"line":488,"column":27},"end":{"line":488,"column":47}},{"start":{"line":488,"column":51},"end":{"line":488,"column":55}}],"line":488},"51":{"loc":{"start":{"line":490,"column":13},"end":{"line":490,"column":23}},"type":"default-arg","locations":[{"start":{"line":490,"column":21},"end":{"line":490,"column":23}}],"line":490},"52":{"loc":{"start":{"line":492,"column":29},"end":{"line":492,"column":46}},"type":"binary-expr","locations":[{"start":{"line":492,"column":29},"end":{"line":492,"column":40}},{"start":{"line":492,"column":44},"end":{"line":492,"column":46}}],"line":492},"53":{"loc":{"start":{"line":492,"column":62},"end":{"line":492,"column":79}},"type":"binary-expr","locations":[{"start":{"line":492,"column":62},"end":{"line":492,"column":73}},{"start":{"line":492,"column":77},"end":{"line":492,"column":79}}],"line":492}},"s":{"0":1,"1":1,"2":1,"3":1,"4":31,"5":31,"6":31,"7":31,"8":31,"9":31,"10":31,"11":31,"12":31,"13":44,"14":44,"15":273,"16":273,"17":273,"18":273,"19":29,"20":29,"21":29,"22":261,"23":29,"24":29,"25":29,"26":26,"27":26,"28":1,"29":25,"30":25,"31":25,"32":25,"33":25,"34":25,"35":185,"36":185,"37":185,"38":3,"39":3,"40":3,"41":182,"42":182,"43":182,"44":182,"45":182,"46":177,"47":177,"48":177,"49":177,"50":177,"51":177,"52":5,"53":5,"54":5,"55":5,"56":5,"57":5,"58":5,"59":5,"60":0,"61":0,"62":0,"63":0,"64":0,"65":0,"66":0,"67":0,"68":0,"69":0,"70":0,"71":0,"72":0,"73":5,"74":0,"75":5,"76":5,"77":5,"78":5,"79":5,"80":15,"81":15,"82":15,"83":15,"84":0,"85":0,"86":0,"87":15,"88":185,"89":25,"90":23,"91":22,"92":21,"93":23,"94":21,"95":17,"96":17,"97":16,"98":0,"99":25,"100":25,"101":2,"102":23,"103":23,"104":23,"105":23,"106":23,"107":23,"108":22,"109":22,"110":0,"111":0,"112":21,"113":0,"114":21,"115":21,"116":21,"117":21,"118":84,"119":21,"120":114,"121":21,"122":23,"123":23,"124":0,"125":23,"126":23,"127":21,"128":21,"129":16,"130":5,"131":5,"132":17,"133":17,"134":16,"135":16,"136":16,"137":16,"138":0,"139":16,"140":16,"141":144,"142":26,"143":26,"144":5,"145":5,"146":5,"147":5,"148":15,"149":15,"150":12,"151":12,"152":12,"153":5,"154":5,"155":5,"156":5,"157":0,"158":0,"159":0,"160":0,"161":0,"162":0,"163":0,"164":5,"165":0,"166":0,"167":0,"168":0,"169":0,"170":0,"171":5,"172":0,"173":0,"174":5,"175":5,"176":5,"177":3,"178":3,"179":1,"180":2,"181":2,"182":2,"183":2,"184":2,"185":1,"186":1,"187":1,"188":1,"189":1,"190":1,"191":1,"192":3,"193":3,"194":3,"195":3,"196":3,"197":3,"198":3,"199":3,"200":3,"201":3,"202":3,"203":3,"204":0,"205":0,"206":0,"207":0,"208":0,"209":0,"210":1,"211":1,"212":1,"213":1,"214":1,"215":1,"216":1,"217":1,"218":1,"219":1,"220":2,"221":2,"222":2,"223":2,"224":1,"225":1,"226":1},"f":{"0":31,"1":44,"2":273,"3":29,"4":261,"5":26,"6":185,"7":25,"8":23,"9":22,"10":21,"11":84,"12":114,"13":23,"14":21,"15":17,"16":16,"17":16,"18":144,"19":26,"20":5,"21":5,"22":3,"23":1,"24":1,"25":1,"26":1,"27":2,"28":2,"29":2,"30":2},"b":{"0":[0],"1":[31,0],"2":[31,31],"3":[31,31],"4":[31,31],"5":[31,31],"6":[31,31],"7":[0],"8":[29,29],"9":[29,25],"10":[29,27],"11":[1,25],"12":[3,182],"13":[5,172],"14":[0,5],"15":[0,5],"16":[25,23,22,21,23,21,17,17,16,0],"17":[2,23],"18":[25,4,3],"19":[23,23],"20":[23,23],"21":[23,0],"22":[23,23],"23":[22,0],"24":[0,0],"25":[0,0],"26":[0,21],"27":[21,0],"28":[84,8,4],"29":[0,23],"30":[16,5],"31":[17,0],"32":[16,16],"33":[0,16],"34":[144,140],"35":[16,0],"36":[16,16],"37":[26,1],"38":[12,3],"39":[0,5],"40":[0,0],"41":[0,0],"42":[0,5],"43":[0,0],"44":[0,5],"45":[1],"46":[1,2],"47":[3,3],"48":[2,0],"49":[1,1],"50":[1,1],"51":[1],"52":[1,1],"53":[1,1]},"_coverageSchema":"1a1c01bbd47fc00a2c39e90264f33305004495a9","hash":"8c8d97159e28be1fa5c72bb6688423fa01b48a4b"}
,"/home/headyme/Heady/src/hc_pipeline.js": {"path":"/home/headyme/Heady/src/hc_pipeline.js","statementMap":{"0":{"start":{"line":27,"column":11},"end":{"line":27,"column":24}},"1":{"start":{"line":28,"column":13},"end":{"line":28,"column":28}},"2":{"start":{"line":29,"column":15},"end":{"line":29,"column":32}},"3":{"start":{"line":30,"column":13},"end":{"line":30,"column":31}},"4":{"start":{"line":31,"column":21},"end":{"line":31,"column":38}},"5":{"start":{"line":33,"column":20},"end":{"line":33,"column":57}},"6":{"start":{"line":34,"column":17},"end":{"line":34,"column":43}},"7":{"start":{"line":35,"column":21},"end":{"line":35,"column":59}},"8":{"start":{"line":36,"column":18},"end":{"line":36,"column":60}},"9":{"start":{"line":37,"column":24},"end":{"line":37,"column":72}},"10":{"start":{"line":38,"column":21},"end":{"line":38,"column":28}},"11":{"start":{"line":39,"column":26},"end":{"line":39,"column":29}},"12":{"start":{"line":44,"column":19},"end":{"line":44,"column":51}},"13":{"start":{"line":45,"column":2},"end":{"line":47,"column":3}},"14":{"start":{"line":46,"column":4},"end":{"line":46,"column":53}},"15":{"start":{"line":48,"column":2},"end":{"line":48,"column":54}},"16":{"start":{"line":52,"column":2},"end":{"line":52,"column":44}},"17":{"start":{"line":52,"column":32},"end":{"line":52,"column":44}},"18":{"start":{"line":53,"column":18},"end":{"line":53,"column":51}},"19":{"start":{"line":54,"column":2},"end":{"line":54,"column":80}},"20":{"start":{"line":58,"column":18},"end":{"line":64,"column":3}},"21":{"start":{"line":66,"column":2},"end":{"line":66,"column":105}},"22":{"start":{"line":66,"column":8},"end":{"line":66,"column":62}},"23":{"start":{"line":66,"column":77},"end":{"line":66,"column":103}},"24":{"start":{"line":67,"column":2},"end":{"line":67,"column":106}},"25":{"start":{"line":67,"column":8},"end":{"line":67,"column":63}},"26":{"start":{"line":67,"column":78},"end":{"line":67,"column":104}},"27":{"start":{"line":68,"column":2},"end":{"line":68,"column":108}},"28":{"start":{"line":68,"column":8},"end":{"line":68,"column":64}},"29":{"start":{"line":68,"column":79},"end":{"line":68,"column":106}},"30":{"start":{"line":69,"column":2},"end":{"line":69,"column":108}},"31":{"start":{"line":69,"column":8},"end":{"line":69,"column":64}},"32":{"start":{"line":69,"column":79},"end":{"line":69,"column":106}},"33":{"start":{"line":70,"column":2},"end":{"line":70,"column":139}},"34":{"start":{"line":70,"column":8},"end":{"line":70,"column":85}},"35":{"start":{"line":70,"column":100},"end":{"line":70,"column":137}},"36":{"start":{"line":71,"column":2},"end":{"line":71,"column":123}},"37":{"start":{"line":71,"column":8},"end":{"line":71,"column":74}},"38":{"start":{"line":71,"column":89},"end":{"line":71,"column":121}},"39":{"start":{"line":72,"column":2},"end":{"line":72,"column":107}},"40":{"start":{"line":72,"column":8},"end":{"line":72,"column":66}},"41":{"start":{"line":72,"column":81},"end":{"line":72,"column":105}},"42":{"start":{"line":73,"column":2},"end":{"line":73,"column":115}},"43":{"start":{"line":73,"column":8},"end":{"line":73,"column":71}},"44":{"start":{"line":73,"column":86},"end":{"line":73,"column":113}},"45":{"start":{"line":74,"column":2},"end":{"line":74,"column":126}},"46":{"start":{"line":74,"column":8},"end":{"line":74,"column":76}},"47":{"start":{"line":74,"column":91},"end":{"line":74,"column":124}},"48":{"start":{"line":75,"column":2},"end":{"line":75,"column":117}},"49":{"start":{"line":75,"column":8},"end":{"line":75,"column":70}},"50":{"start":{"line":75,"column":85},"end":{"line":75,"column":115}},"51":{"start":{"line":76,"column":2},"end":{"line":76,"column":99}},"52":{"start":{"line":76,"column":8},"end":{"line":76,"column":58}},"53":{"start":{"line":76,"column":73},"end":{"line":76,"column":97}},"54":{"start":{"line":77,"column":2},"end":{"line":77,"column":17}},"55":{"start":{"line":81,"column":17},"end":{"line":81,"column":19}},"56":{"start":{"line":82,"column":2},"end":{"line":85,"column":3}},"57":{"start":{"line":83,"column":20},"end":{"line":83,"column":51}},"58":{"start":{"line":84,"column":4},"end":{"line":84,"column":36}},"59":{"start":{"line":86,"column":2},"end":{"line":86,"column":16}},"60":{"start":{"line":91,"column":18},"end":{"line":99,"column":1}},"61":{"start":{"line":102,"column":14},"end":{"line":102,"column":38}},"62":{"start":{"line":103,"column":2},"end":{"line":126,"column":4}},"63":{"start":{"line":132,"column":16},"end":{"line":138,"column":3}},"64":{"start":{"line":139,"column":2},"end":{"line":139,"column":24}},"65":{"start":{"line":141,"column":15},"end":{"line":141,"column":83}},"66":{"start":{"line":142,"column":2},"end":{"line":146,"column":3}},"67":{"start":{"line":143,"column":4},"end":{"line":143,"column":57}},"68":{"start":{"line":152,"column":2},"end":{"line":152,"column":53}},"69":{"start":{"line":152,"column":41},"end":{"line":152,"column":53}},"70":{"start":{"line":154,"column":2},"end":{"line":177,"column":3}},"71":{"start":{"line":155,"column":4},"end":{"line":176,"column":5}},"72":{"start":{"line":157,"column":8},"end":{"line":159,"column":9}},"73":{"start":{"line":158,"column":10},"end":{"line":158,"column":54}},"74":{"start":{"line":160,"column":8},"end":{"line":160,"column":14}},"75":{"start":{"line":162,"column":8},"end":{"line":164,"column":9}},"76":{"start":{"line":163,"column":10},"end":{"line":163,"column":54}},"77":{"start":{"line":165,"column":8},"end":{"line":165,"column":14}},"78":{"start":{"line":167,"column":8},"end":{"line":169,"column":9}},"79":{"start":{"line":167,"column":39},"end":{"line":167,"column":64}},"80":{"start":{"line":168,"column":10},"end":{"line":168,"column":54}},"81":{"start":{"line":170,"column":8},"end":{"line":170,"column":14}},"82":{"start":{"line":172,"column":8},"end":{"line":174,"column":9}},"83":{"start":{"line":172,"column":37},"end":{"line":172,"column":64}},"84":{"start":{"line":173,"column":10},"end":{"line":173,"column":54}},"85":{"start":{"line":175,"column":8},"end":{"line":175,"column":14}},"86":{"start":{"line":178,"column":2},"end":{"line":178,"column":14}},"87":{"start":{"line":182,"column":2},"end":{"line":194,"column":3}},"88":{"start":{"line":184,"column":6},"end":{"line":184,"column":40}},"89":{"start":{"line":185,"column":6},"end":{"line":185,"column":12}},"90":{"start":{"line":187,"column":6},"end":{"line":187,"column":38}},"91":{"start":{"line":188,"column":6},"end":{"line":188,"column":12}},"92":{"start":{"line":190,"column":6},"end":{"line":190,"column":38}},"93":{"start":{"line":191,"column":6},"end":{"line":191,"column":12}},"94":{"start":{"line":193,"column":6},"end":{"line":193,"column":38}},"95":{"start":{"line":200,"column":13},"end":{"line":210,"column":3}},"96":{"start":{"line":213,"column":2},"end":{"line":218,"column":3}},"97":{"start":{"line":214,"column":4},"end":{"line":217,"column":5}},"98":{"start":{"line":215,"column":21},"end":{"line":215,"column":69}},"99":{"start":{"line":216,"column":6},"end":{"line":216,"column":55}},"100":{"start":{"line":221,"column":2},"end":{"line":232,"column":3}},"101":{"start":{"line":222,"column":20},"end":{"line":222,"column":22}},"102":{"start":{"line":223,"column":4},"end":{"line":227,"column":5}},"103":{"start":{"line":224,"column":6},"end":{"line":226,"column":7}},"104":{"start":{"line":225,"column":8},"end":{"line":225,"column":27}},"105":{"start":{"line":228,"column":4},"end":{"line":231,"column":5}},"106":{"start":{"line":229,"column":6},"end":{"line":229,"column":31}},"107":{"start":{"line":230,"column":6},"end":{"line":230,"column":92}},"108":{"start":{"line":234,"column":2},"end":{"line":234,"column":39}},"109":{"start":{"line":235,"column":2},"end":{"line":235,"column":29}},"110":{"start":{"line":236,"column":2},"end":{"line":236,"column":115}},"111":{"start":{"line":238,"column":2},"end":{"line":238,"column":12}},"112":{"start":{"line":242,"column":2},"end":{"line":257,"column":3}},"113":{"start":{"line":244,"column":6},"end":{"line":244,"column":95}},"114":{"start":{"line":246,"column":6},"end":{"line":246,"column":74}},"115":{"start":{"line":248,"column":6},"end":{"line":248,"column":93}},"116":{"start":{"line":250,"column":6},"end":{"line":250,"column":78}},"117":{"start":{"line":252,"column":6},"end":{"line":252,"column":56}},"118":{"start":{"line":254,"column":6},"end":{"line":254,"column":79}},"119":{"start":{"line":256,"column":6},"end":{"line":256,"column":79}},"120":{"start":{"line":264,"column":4},"end":{"line":264,"column":44}},"121":{"start":{"line":265,"column":4},"end":{"line":265,"column":57}},"122":{"start":{"line":266,"column":4},"end":{"line":266,"column":57}},"123":{"start":{"line":267,"column":4},"end":{"line":267,"column":55}},"124":{"start":{"line":268,"column":4},"end":{"line":268,"column":26}},"125":{"start":{"line":269,"column":4},"end":{"line":269,"column":22}},"126":{"start":{"line":270,"column":4},"end":{"line":270,"column":30}},"127":{"start":{"line":271,"column":4},"end":{"line":271,"column":30}},"128":{"start":{"line":275,"column":4},"end":{"line":275,"column":35}},"129":{"start":{"line":275,"column":23},"end":{"line":275,"column":35}},"130":{"start":{"line":276,"column":4},"end":{"line":276,"column":45}},"131":{"start":{"line":276,"column":33},"end":{"line":276,"column":45}},"132":{"start":{"line":277,"column":4},"end":{"line":284,"column":5}},"133":{"start":{"line":278,"column":6},"end":{"line":282,"column":7}},"134":{"start":{"line":279,"column":8},"end":{"line":279,"column":33}},"135":{"start":{"line":280,"column":8},"end":{"line":280,"column":34}},"136":{"start":{"line":281,"column":8},"end":{"line":281,"column":20}},"137":{"start":{"line":283,"column":6},"end":{"line":283,"column":19}},"138":{"start":{"line":286,"column":4},"end":{"line":286,"column":52}},"139":{"start":{"line":290,"column":4},"end":{"line":293,"column":5}},"140":{"start":{"line":291,"column":6},"end":{"line":291,"column":28}},"141":{"start":{"line":292,"column":6},"end":{"line":292,"column":24}},"142":{"start":{"line":297,"column":4},"end":{"line":297,"column":20}},"143":{"start":{"line":298,"column":4},"end":{"line":298,"column":36}},"144":{"start":{"line":299,"column":4},"end":{"line":303,"column":5}},"145":{"start":{"line":300,"column":6},"end":{"line":300,"column":26}},"146":{"start":{"line":301,"column":11},"end":{"line":303,"column":5}},"147":{"start":{"line":302,"column":6},"end":{"line":302,"column":26}},"148":{"start":{"line":307,"column":4},"end":{"line":307,"column":92}},"149":{"start":{"line":313,"column":17},"end":{"line":313,"column":21}},"150":{"start":{"line":316,"column":2},"end":{"line":316,"column":36}},"151":{"start":{"line":316,"column":18},"end":{"line":316,"column":36}},"152":{"start":{"line":317,"column":2},"end":{"line":325,"column":3}},"153":{"start":{"line":318,"column":4},"end":{"line":322,"column":5}},"154":{"start":{"line":319,"column":6},"end":{"line":319,"column":72}},"155":{"start":{"line":321,"column":6},"end":{"line":321,"column":22}},"156":{"start":{"line":324,"column":4},"end":{"line":324,"column":20}},"157":{"start":{"line":326,"column":2},"end":{"line":326,"column":20}},"158":{"start":{"line":330,"column":2},"end":{"line":335,"column":3}},"159":{"start":{"line":331,"column":4},"end":{"line":331,"column":80}},"160":{"start":{"line":331,"column":35},"end":{"line":331,"column":80}},"161":{"start":{"line":332,"column":4},"end":{"line":332,"column":83}},"162":{"start":{"line":340,"column":22},"end":{"line":340,"column":88}},"163":{"start":{"line":341,"column":16},"end":{"line":341,"column":75}},"164":{"start":{"line":342,"column":2},"end":{"line":342,"column":78}},"165":{"start":{"line":346,"column":16},"end":{"line":346,"column":31}},"166":{"start":{"line":347,"column":14},"end":{"line":347,"column":53}},"167":{"start":{"line":348,"column":16},"end":{"line":348,"column":26}},"168":{"start":{"line":349,"column":2},"end":{"line":349,"column":26}},"169":{"start":{"line":349,"column":14},"end":{"line":349,"column":26}},"170":{"start":{"line":350,"column":2},"end":{"line":353,"column":3}},"171":{"start":{"line":351,"column":4},"end":{"line":351,"column":22}},"172":{"start":{"line":352,"column":4},"end":{"line":352,"column":16}},"173":{"start":{"line":354,"column":2},"end":{"line":354,"column":22}},"174":{"start":{"line":358,"column":16},"end":{"line":358,"column":31}},"175":{"start":{"line":359,"column":14},"end":{"line":359,"column":53}},"176":{"start":{"line":360,"column":2},"end":{"line":360,"column":58}},"177":{"start":{"line":362,"column":15},"end":{"line":362,"column":33}},"178":{"start":{"line":363,"column":2},"end":{"line":366,"column":3}},"179":{"start":{"line":364,"column":19},"end":{"line":364,"column":91}},"180":{"start":{"line":364,"column":39},"end":{"line":364,"column":90}},"181":{"start":{"line":365,"column":4},"end":{"line":365,"column":86}},"182":{"start":{"line":365,"column":17},"end":{"line":365,"column":18}},"183":{"start":{"line":365,"column":62},"end":{"line":365,"column":86}},"184":{"start":{"line":367,"column":2},"end":{"line":367,"column":18}},"185":{"start":{"line":371,"column":2},"end":{"line":371,"column":18}},"186":{"start":{"line":372,"column":2},"end":{"line":372,"column":18}},"187":{"start":{"line":379,"column":4},"end":{"line":379,"column":35}},"188":{"start":{"line":380,"column":4},"end":{"line":380,"column":21}},"189":{"start":{"line":381,"column":4},"end":{"line":381,"column":20}},"190":{"start":{"line":385,"column":4},"end":{"line":398,"column":7}},"191":{"start":{"line":386,"column":22},"end":{"line":392,"column":7}},"192":{"start":{"line":387,"column":8},"end":{"line":387,"column":23}},"193":{"start":{"line":388,"column":8},"end":{"line":391,"column":10}},"194":{"start":{"line":389,"column":21},"end":{"line":389,"column":36}},"195":{"start":{"line":389,"column":37},"end":{"line":389,"column":51}},"196":{"start":{"line":389,"column":52},"end":{"line":389,"column":65}},"197":{"start":{"line":390,"column":21},"end":{"line":390,"column":36}},"198":{"start":{"line":390,"column":37},"end":{"line":390,"column":51}},"199":{"start":{"line":390,"column":52},"end":{"line":390,"column":64}},"200":{"start":{"line":393,"column":6},"end":{"line":397,"column":7}},"201":{"start":{"line":394,"column":8},"end":{"line":394,"column":18}},"202":{"start":{"line":396,"column":8},"end":{"line":396,"column":33}},"203":{"start":{"line":402,"column":4},"end":{"line":404,"column":5}},"204":{"start":{"line":403,"column":6},"end":{"line":403,"column":27}},"205":{"start":{"line":408,"column":4},"end":{"line":408,"column":61}},"206":{"start":{"line":408,"column":46},"end":{"line":408,"column":58}},"207":{"start":{"line":412,"column":4},"end":{"line":412,"column":95}},"208":{"start":{"line":418,"column":21},"end":{"line":418,"column":30}},"209":{"start":{"line":421,"column":2},"end":{"line":421,"column":38}},"210":{"start":{"line":425,"column":18},"end":{"line":425,"column":44}},"211":{"start":{"line":426,"column":2},"end":{"line":428,"column":3}},"212":{"start":{"line":427,"column":4},"end":{"line":427,"column":34}},"213":{"start":{"line":431,"column":2},"end":{"line":439,"column":3}},"214":{"start":{"line":432,"column":4},"end":{"line":438,"column":6}},"215":{"start":{"line":440,"column":2},"end":{"line":440,"column":143}},"216":{"start":{"line":446,"column":21},"end":{"line":453,"column":3}},"217":{"start":{"line":454,"column":2},"end":{"line":454,"column":38}},"218":{"start":{"line":455,"column":2},"end":{"line":455,"column":34}},"219":{"start":{"line":456,"column":2},"end":{"line":456,"column":129}},"220":{"start":{"line":458,"column":19},"end":{"line":458,"column":36}},"221":{"start":{"line":459,"column":16},"end":{"line":459,"column":41}},"222":{"start":{"line":460,"column":18},"end":{"line":460,"column":20}},"223":{"start":{"line":462,"column":18},"end":{"line":467,"column":3}},"224":{"start":{"line":469,"column":2},"end":{"line":509,"column":3}},"225":{"start":{"line":470,"column":4},"end":{"line":486,"column":5}},"226":{"start":{"line":472,"column":26},"end":{"line":474,"column":12}},"227":{"start":{"line":475,"column":19},"end":{"line":475,"column":46}},"228":{"start":{"line":476,"column":26},"end":{"line":478,"column":7}},"229":{"start":{"line":477,"column":32},"end":{"line":477,"column":98}},"230":{"start":{"line":477,"column":38},"end":{"line":477,"column":98}},"231":{"start":{"line":479,"column":6},"end":{"line":479,"column":35}},"232":{"start":{"line":482,"column":6},"end":{"line":485,"column":7}},"233":{"start":{"line":483,"column":23},"end":{"line":483,"column":89}},"234":{"start":{"line":484,"column":8},"end":{"line":484,"column":61}},"235":{"start":{"line":489,"column":17},"end":{"line":489,"column":18}},"236":{"start":{"line":490,"column":4},"end":{"line":494,"column":5}},"237":{"start":{"line":491,"column":6},"end":{"line":493,"column":7}},"238":{"start":{"line":492,"column":8},"end":{"line":492,"column":17}},"239":{"start":{"line":496,"column":4},"end":{"line":496,"column":54}},"240":{"start":{"line":497,"column":4},"end":{"line":497,"column":61}},"241":{"start":{"line":498,"column":4},"end":{"line":500,"column":6}},"242":{"start":{"line":499,"column":6},"end":{"line":499,"column":102}},"243":{"start":{"line":502,"column":4},"end":{"line":502,"column":108}},"244":{"start":{"line":504,"column":4},"end":{"line":504,"column":33}},"245":{"start":{"line":505,"column":4},"end":{"line":505,"column":54}},"246":{"start":{"line":506,"column":4},"end":{"line":506,"column":35}},"247":{"start":{"line":507,"column":4},"end":{"line":507,"column":78}},"248":{"start":{"line":508,"column":4},"end":{"line":508,"column":113}},"249":{"start":{"line":511,"column":2},"end":{"line":511,"column":20}},"250":{"start":{"line":515,"column":2},"end":{"line":515,"column":29}},"251":{"start":{"line":518,"column":2},"end":{"line":521,"column":3}},"252":{"start":{"line":519,"column":4},"end":{"line":519,"column":31}},"253":{"start":{"line":520,"column":4},"end":{"line":520,"column":45}},"254":{"start":{"line":524,"column":18},"end":{"line":524,"column":88}},"255":{"start":{"line":525,"column":2},"end":{"line":532,"column":3}},"256":{"start":{"line":526,"column":16},"end":{"line":526,"column":71}},"257":{"start":{"line":527,"column":4},"end":{"line":527,"column":34}},"258":{"start":{"line":528,"column":4},"end":{"line":528,"column":32}},"259":{"start":{"line":529,"column":4},"end":{"line":529,"column":94}},"260":{"start":{"line":530,"column":4},"end":{"line":530,"column":25}},"261":{"start":{"line":531,"column":4},"end":{"line":531,"column":81}},"262":{"start":{"line":535,"column":17},"end":{"line":535,"column":62}},"263":{"start":{"line":536,"column":2},"end":{"line":544,"column":3}},"264":{"start":{"line":537,"column":4},"end":{"line":537,"column":35}},"265":{"start":{"line":538,"column":4},"end":{"line":538,"column":32}},"266":{"start":{"line":539,"column":4},"end":{"line":539,"column":88}},"267":{"start":{"line":540,"column":4},"end":{"line":540,"column":41}},"268":{"start":{"line":540,"column":17},"end":{"line":540,"column":41}},"269":{"start":{"line":541,"column":4},"end":{"line":541,"column":25}},"270":{"start":{"line":542,"column":4},"end":{"line":542,"column":69}},"271":{"start":{"line":543,"column":4},"end":{"line":543,"column":91}},"272":{"start":{"line":546,"column":16},"end":{"line":546,"column":26}},"273":{"start":{"line":547,"column":2},"end":{"line":565,"column":3}},"274":{"start":{"line":548,"column":19},"end":{"line":548,"column":55}},"275":{"start":{"line":549,"column":21},"end":{"line":549,"column":39}},"276":{"start":{"line":550,"column":4},"end":{"line":550,"column":35}},"277":{"start":{"line":551,"column":4},"end":{"line":551,"column":98}},"278":{"start":{"line":552,"column":4},"end":{"line":552,"column":41}},"279":{"start":{"line":552,"column":17},"end":{"line":552,"column":41}},"280":{"start":{"line":553,"column":4},"end":{"line":553,"column":25}},"281":{"start":{"line":555,"column":4},"end":{"line":555,"column":108}},"282":{"start":{"line":556,"column":4},"end":{"line":556,"column":84}},"283":{"start":{"line":558,"column":21},"end":{"line":558,"column":39}},"284":{"start":{"line":559,"column":4},"end":{"line":559,"column":32}},"285":{"start":{"line":560,"column":4},"end":{"line":560,"column":115}},"286":{"start":{"line":561,"column":4},"end":{"line":561,"column":136}},"287":{"start":{"line":562,"column":4},"end":{"line":562,"column":41}},"288":{"start":{"line":562,"column":17},"end":{"line":562,"column":41}},"289":{"start":{"line":563,"column":4},"end":{"line":563,"column":25}},"290":{"start":{"line":564,"column":4},"end":{"line":564,"column":90}},"291":{"start":{"line":571,"column":22},"end":{"line":626,"column":1}},"292":{"start":{"line":628,"column":22},"end":{"line":628,"column":50}},"293":{"start":{"line":631,"column":2},"end":{"line":635,"column":5}},"294":{"start":{"line":632,"column":15},"end":{"line":632,"column":61}},"295":{"start":{"line":633,"column":15},"end":{"line":633,"column":61}},"296":{"start":{"line":634,"column":4},"end":{"line":634,"column":19}},"297":{"start":{"line":640,"column":27},"end":{"line":660,"column":3}},"298":{"start":{"line":661,"column":19},"end":{"line":661,"column":45}},"299":{"start":{"line":662,"column":2},"end":{"line":662,"column":65}},"300":{"start":{"line":666,"column":16},"end":{"line":666,"column":45}},"301":{"start":{"line":667,"column":2},"end":{"line":667,"column":62}},"302":{"start":{"line":669,"column":2},"end":{"line":669,"column":94}},"303":{"start":{"line":675,"column":16},"end":{"line":675,"column":25}},"304":{"start":{"line":676,"column":19},"end":{"line":676,"column":28}},"305":{"start":{"line":677,"column":19},"end":{"line":677,"column":28}},"306":{"start":{"line":679,"column":2},"end":{"line":683,"column":3}},"307":{"start":{"line":680,"column":4},"end":{"line":680,"column":26}},"308":{"start":{"line":681,"column":4},"end":{"line":681,"column":24}},"309":{"start":{"line":682,"column":4},"end":{"line":682,"column":26}},"310":{"start":{"line":685,"column":2},"end":{"line":694,"column":3}},"311":{"start":{"line":686,"column":4},"end":{"line":693,"column":5}},"312":{"start":{"line":687,"column":6},"end":{"line":692,"column":7}},"313":{"start":{"line":688,"column":8},"end":{"line":691,"column":9}},"314":{"start":{"line":689,"column":10},"end":{"line":689,"column":36}},"315":{"start":{"line":690,"column":10},"end":{"line":690,"column":60}},"316":{"start":{"line":696,"column":16},"end":{"line":696,"column":18}},"317":{"start":{"line":697,"column":2},"end":{"line":699,"column":3}},"318":{"start":{"line":698,"column":4},"end":{"line":698,"column":34}},"319":{"start":{"line":698,"column":19},"end":{"line":698,"column":34}},"320":{"start":{"line":701,"column":17},"end":{"line":701,"column":19}},"321":{"start":{"line":702,"column":2},"end":{"line":709,"column":3}},"322":{"start":{"line":703,"column":20},"end":{"line":703,"column":33}},"323":{"start":{"line":704,"column":4},"end":{"line":704,"column":39}},"324":{"start":{"line":705,"column":4},"end":{"line":708,"column":5}},"325":{"start":{"line":706,"column":6},"end":{"line":706,"column":57}},"326":{"start":{"line":707,"column":6},"end":{"line":707,"column":61}},"327":{"start":{"line":707,"column":40},"end":{"line":707,"column":61}},"328":{"start":{"line":711,"column":2},"end":{"line":713,"column":3}},"329":{"start":{"line":712,"column":4},"end":{"line":712,"column":71}},"330":{"start":{"line":715,"column":2},"end":{"line":715,"column":16}},"331":{"start":{"line":722,"column":4},"end":{"line":722,"column":12}},"332":{"start":{"line":723,"column":4},"end":{"line":723,"column":24}},"333":{"start":{"line":724,"column":4},"end":{"line":724,"column":22}},"334":{"start":{"line":725,"column":4},"end":{"line":725,"column":37}},"335":{"start":{"line":726,"column":4},"end":{"line":726,"column":22}},"336":{"start":{"line":728,"column":4},"end":{"line":728,"column":29}},"337":{"start":{"line":729,"column":4},"end":{"line":729,"column":31}},"338":{"start":{"line":730,"column":4},"end":{"line":730,"column":30}},"339":{"start":{"line":731,"column":4},"end":{"line":731,"column":28}},"340":{"start":{"line":740,"column":4},"end":{"line":740,"column":69}},"341":{"start":{"line":740,"column":29},"end":{"line":740,"column":69}},"342":{"start":{"line":741,"column":4},"end":{"line":741,"column":75}},"343":{"start":{"line":741,"column":31},"end":{"line":741,"column":75}},"344":{"start":{"line":742,"column":4},"end":{"line":742,"column":72}},"345":{"start":{"line":742,"column":30},"end":{"line":742,"column":72}},"346":{"start":{"line":746,"column":4},"end":{"line":746,"column":36}},"347":{"start":{"line":747,"column":24},"end":{"line":747,"column":45}},"348":{"start":{"line":750,"column":4},"end":{"line":762,"column":5}},"349":{"start":{"line":751,"column":23},"end":{"line":751,"column":60}},"350":{"start":{"line":752,"column":6},"end":{"line":761,"column":7}},"351":{"start":{"line":753,"column":8},"end":{"line":760,"column":9}},"352":{"start":{"line":754,"column":10},"end":{"line":759,"column":14}},"353":{"start":{"line":764,"column":4},"end":{"line":764,"column":131}},"354":{"start":{"line":765,"column":4},"end":{"line":765,"column":23}},"355":{"start":{"line":769,"column":4},"end":{"line":769,"column":35}},"356":{"start":{"line":769,"column":23},"end":{"line":769,"column":35}},"357":{"start":{"line":771,"column":24},"end":{"line":771,"column":45}},"358":{"start":{"line":772,"column":21},"end":{"line":772,"column":41}},"359":{"start":{"line":773,"column":4},"end":{"line":773,"column":45}},"360":{"start":{"line":774,"column":4},"end":{"line":774,"column":42}},"361":{"start":{"line":775,"column":4},"end":{"line":775,"column":52}},"362":{"start":{"line":776,"column":4},"end":{"line":778,"column":6}},"363":{"start":{"line":780,"column":4},"end":{"line":780,"column":56}},"364":{"start":{"line":781,"column":4},"end":{"line":781,"column":78}},"365":{"start":{"line":783,"column":19},"end":{"line":783,"column":51}},"366":{"start":{"line":785,"column":4},"end":{"line":826,"column":5}},"367":{"start":{"line":787,"column":28},"end":{"line":787,"column":76}},"368":{"start":{"line":788,"column":6},"end":{"line":793,"column":7}},"369":{"start":{"line":789,"column":8},"end":{"line":789,"column":119}},"370":{"start":{"line":790,"column":8},"end":{"line":790,"column":68}},"371":{"start":{"line":791,"column":8},"end":{"line":791,"column":85}},"372":{"start":{"line":792,"column":8},"end":{"line":792,"column":14}},"373":{"start":{"line":796,"column":6},"end":{"line":799,"column":7}},"374":{"start":{"line":797,"column":8},"end":{"line":797,"column":103}},"375":{"start":{"line":798,"column":8},"end":{"line":798,"column":14}},"376":{"start":{"line":802,"column":6},"end":{"line":802,"column":72}},"377":{"start":{"line":803,"column":26},"end":{"line":803,"column":99}},"378":{"start":{"line":804,"column":6},"end":{"line":804,"column":80}},"379":{"start":{"line":807,"column":6},"end":{"line":825,"column":7}},"380":{"start":{"line":808,"column":35},"end":{"line":808,"column":96}},"381":{"start":{"line":809,"column":28},"end":{"line":809,"column":78}},"382":{"start":{"line":810,"column":19},"end":{"line":810,"column":87}},"383":{"start":{"line":811,"column":8},"end":{"line":811,"column":71}},"384":{"start":{"line":814,"column":8},"end":{"line":824,"column":9}},"385":{"start":{"line":815,"column":22},"end":{"line":815,"column":60}},"386":{"start":{"line":816,"column":10},"end":{"line":819,"column":11}},"387":{"start":{"line":817,"column":12},"end":{"line":817,"column":141}},"388":{"start":{"line":818,"column":12},"end":{"line":818,"column":132}},"389":{"start":{"line":820,"column":10},"end":{"line":823,"column":11}},"390":{"start":{"line":821,"column":12},"end":{"line":821,"column":148}},"391":{"start":{"line":822,"column":12},"end":{"line":822,"column":126}},"392":{"start":{"line":829,"column":4},"end":{"line":831,"column":5}},"393":{"start":{"line":830,"column":6},"end":{"line":830,"column":46}},"394":{"start":{"line":832,"column":4},"end":{"line":832,"column":54}},"395":{"start":{"line":833,"column":4},"end":{"line":833,"column":101}},"396":{"start":{"line":835,"column":4},"end":{"line":839,"column":7}},"397":{"start":{"line":841,"column":4},"end":{"line":847,"column":7}},"398":{"start":{"line":850,"column":4},"end":{"line":852,"column":5}},"399":{"start":{"line":851,"column":6},"end":{"line":851,"column":45}},"400":{"start":{"line":855,"column":4},"end":{"line":855,"column":34}},"401":{"start":{"line":858,"column":4},"end":{"line":868,"column":5}},"402":{"start":{"line":859,"column":35},"end":{"line":859,"column":74}},"403":{"start":{"line":860,"column":27},"end":{"line":862,"column":8}},"404":{"start":{"line":863,"column":6},"end":{"line":865,"column":7}},"405":{"start":{"line":864,"column":8},"end":{"line":864,"column":114}},"406":{"start":{"line":867,"column":6},"end":{"line":867,"column":81}},"407":{"start":{"line":870,"column":4},"end":{"line":870,"column":110}},"408":{"start":{"line":871,"column":4},"end":{"line":871,"column":22}},"409":{"start":{"line":879,"column":4},"end":{"line":879,"column":28}},"410":{"start":{"line":879,"column":21},"end":{"line":879,"column":28}},"411":{"start":{"line":880,"column":22},"end":{"line":880,"column":45}},"412":{"start":{"line":883,"column":4},"end":{"line":900,"column":5}},"413":{"start":{"line":884,"column":6},"end":{"line":899,"column":7}},"414":{"start":{"line":885,"column":22},"end":{"line":885,"column":39}},"415":{"start":{"line":886,"column":8},"end":{"line":898,"column":9}},"416":{"start":{"line":887,"column":10},"end":{"line":897,"column":11}},"417":{"start":{"line":888,"column":12},"end":{"line":896,"column":43}},"418":{"start":{"line":889,"column":14},"end":{"line":895,"column":16}},"419":{"start":{"line":903,"column":4},"end":{"line":925,"column":5}},"420":{"start":{"line":904,"column":6},"end":{"line":924,"column":7}},"421":{"start":{"line":905,"column":8},"end":{"line":912,"column":9}},"422":{"start":{"line":906,"column":26},"end":{"line":906,"column":81}},"423":{"start":{"line":907,"column":10},"end":{"line":911,"column":41}},"424":{"start":{"line":908,"column":12},"end":{"line":910,"column":15}},"425":{"start":{"line":914,"column":22},"end":{"line":914,"column":39}},"426":{"start":{"line":915,"column":8},"end":{"line":923,"column":9}},"427":{"start":{"line":916,"column":10},"end":{"line":922,"column":11}},"428":{"start":{"line":917,"column":12},"end":{"line":921,"column":43}},"429":{"start":{"line":918,"column":14},"end":{"line":920,"column":17}},"430":{"start":{"line":928,"column":4},"end":{"line":969,"column":5}},"431":{"start":{"line":929,"column":6},"end":{"line":968,"column":37}},"432":{"start":{"line":930,"column":27},"end":{"line":930,"column":29}},"433":{"start":{"line":931,"column":29},"end":{"line":931,"column":31}},"434":{"start":{"line":932,"column":18},"end":{"line":932,"column":36}},"435":{"start":{"line":934,"column":8},"end":{"line":934,"column":115}},"436":{"start":{"line":934,"column":32},"end":{"line":934,"column":115}},"437":{"start":{"line":935,"column":8},"end":{"line":935,"column":111}},"438":{"start":{"line":935,"column":33},"end":{"line":935,"column":111}},"439":{"start":{"line":936,"column":8},"end":{"line":936,"column":114}},"440":{"start":{"line":936,"column":57},"end":{"line":936,"column":114}},"441":{"start":{"line":937,"column":8},"end":{"line":937,"column":82}},"442":{"start":{"line":937,"column":31},"end":{"line":937,"column":82}},"443":{"start":{"line":940,"column":8},"end":{"line":945,"column":9}},"444":{"start":{"line":941,"column":10},"end":{"line":944,"column":11}},"445":{"start":{"line":942,"column":28},"end":{"line":942,"column":83}},"446":{"start":{"line":943,"column":12},"end":{"line":943,"column":96}},"447":{"start":{"line":943,"column":33},"end":{"line":943,"column":96}},"448":{"start":{"line":947,"column":8},"end":{"line":947,"column":122}},"449":{"start":{"line":947,"column":35},"end":{"line":947,"column":122}},"450":{"start":{"line":949,"column":8},"end":{"line":958,"column":11}},"451":{"start":{"line":961,"column":8},"end":{"line":967,"column":11}},"452":{"start":{"line":973,"column":4},"end":{"line":973,"column":22}},"453":{"start":{"line":977,"column":4},"end":{"line":977,"column":24}},"454":{"start":{"line":981,"column":19},"end":{"line":981,"column":21}},"455":{"start":{"line":982,"column":4},"end":{"line":984,"column":5}},"456":{"start":{"line":983,"column":6},"end":{"line":983,"column":36}},"457":{"start":{"line":985,"column":4},"end":{"line":985,"column":18}},"458":{"start":{"line":989,"column":4},"end":{"line":989,"column":35}},"459":{"start":{"line":989,"column":23},"end":{"line":989,"column":35}},"460":{"start":{"line":990,"column":19},"end":{"line":990,"column":56}},"461":{"start":{"line":991,"column":4},"end":{"line":998,"column":8}},"462":{"start":{"line":991,"column":30},"end":{"line":998,"column":5}},"463":{"start":{"line":1002,"column":4},"end":{"line":1002,"column":35}},"464":{"start":{"line":1002,"column":23},"end":{"line":1002,"column":35}},"465":{"start":{"line":1003,"column":14},"end":{"line":1003,"column":44}},"466":{"start":{"line":1004,"column":4},"end":{"line":1025,"column":6}},"467":{"start":{"line":1008,"column":46},"end":{"line":1008,"column":74}},"468":{"start":{"line":1030,"column":17},"end":{"line":1030,"column":37}},"469":{"start":{"line":1032,"column":0},"end":{"line":1043,"column":2}}},"fnMap":{"0":{"name":"loadYaml","decl":{"start":{"line":43,"column":9},"end":{"line":43,"column":17}},"loc":{"start":{"line":43,"column":28},"end":{"line":49,"column":1}},"line":43},"1":{"name":"hashFile","decl":{"start":{"line":51,"column":9},"end":{"line":51,"column":17}},"loc":{"start":{"line":51,"column":28},"end":{"line":55,"column":1}},"line":51},"2":{"name":"loadAllConfigs","decl":{"start":{"line":57,"column":9},"end":{"line":57,"column":23}},"loc":{"start":{"line":57,"column":26},"end":{"line":78,"column":1}},"line":57},"3":{"name":"computeConfigHashes","decl":{"start":{"line":80,"column":9},"end":{"line":80,"column":28}},"loc":{"start":{"line":80,"column":38},"end":{"line":87,"column":1}},"line":80},"4":{"name":"createRunState","decl":{"start":{"line":101,"column":9},"end":{"line":101,"column":23}},"loc":{"start":{"line":101,"column":37},"end":{"line":127,"column":1}},"line":101},"5":{"name":"appendLog","decl":{"start":{"line":131,"column":9},"end":{"line":131,"column":18}},"loc":{"start":{"line":131,"column":50},"end":{"line":147,"column":1}},"line":131},"6":{"name":"evaluateStopRules","decl":{"start":{"line":151,"column":9},"end":{"line":151,"column":26}},"loc":{"start":{"line":151,"column":44},"end":{"line":179,"column":1}},"line":151},"7":{"name":"(anonymous_7)","decl":{"start":{"line":167,"column":32},"end":{"line":167,"column":33}},"loc":{"start":{"line":167,"column":39},"end":{"line":167,"column":64}},"line":167},"8":{"name":"(anonymous_8)","decl":{"start":{"line":172,"column":30},"end":{"line":172,"column":31}},"loc":{"start":{"line":172,"column":37},"end":{"line":172,"column":64}},"line":172},"9":{"name":"applyStopAction","decl":{"start":{"line":181,"column":9},"end":{"line":181,"column":24}},"loc":{"start":{"line":181,"column":40},"end":{"line":195,"column":1}},"line":181},"10":{"name":"runCheckpoint","decl":{"start":{"line":199,"column":9},"end":{"line":199,"column":22}},"loc":{"start":{"line":199,"column":78},"end":{"line":239,"column":1}},"line":199},"11":{"name":"executeCheckpointResponsibility","decl":{"start":{"line":241,"column":9},"end":{"line":241,"column":40}},"loc":{"start":{"line":241,"column":69},"end":{"line":258,"column":1}},"line":241},"12":{"name":"(anonymous_12)","decl":{"start":{"line":263,"column":2},"end":{"line":263,"column":3}},"loc":{"start":{"line":263,"column":22},"end":{"line":272,"column":3}},"line":263},"13":{"name":"(anonymous_13)","decl":{"start":{"line":274,"column":2},"end":{"line":274,"column":3}},"loc":{"start":{"line":274,"column":15},"end":{"line":287,"column":3}},"line":274},"14":{"name":"(anonymous_14)","decl":{"start":{"line":289,"column":2},"end":{"line":289,"column":3}},"loc":{"start":{"line":289,"column":18},"end":{"line":294,"column":3}},"line":289},"15":{"name":"(anonymous_15)","decl":{"start":{"line":296,"column":2},"end":{"line":296,"column":3}},"loc":{"start":{"line":296,"column":18},"end":{"line":304,"column":3}},"line":296},"16":{"name":"(anonymous_16)","decl":{"start":{"line":306,"column":2},"end":{"line":306,"column":3}},"loc":{"start":{"line":306,"column":14},"end":{"line":308,"column":3}},"line":306},"17":{"name":"loadTaskCache","decl":{"start":{"line":315,"column":9},"end":{"line":315,"column":22}},"loc":{"start":{"line":315,"column":25},"end":{"line":327,"column":1}},"line":315},"18":{"name":"saveTaskCache","decl":{"start":{"line":329,"column":9},"end":{"line":329,"column":22}},"loc":{"start":{"line":329,"column":25},"end":{"line":336,"column":1}},"line":329},"19":{"name":"getTaskCacheKey","decl":{"start":{"line":338,"column":9},"end":{"line":338,"column":24}},"loc":{"start":{"line":338,"column":49},"end":{"line":343,"column":1}},"line":338},"20":{"name":"getCachedResult","decl":{"start":{"line":345,"column":9},"end":{"line":345,"column":24}},"loc":{"start":{"line":345,"column":49},"end":{"line":355,"column":1}},"line":345},"21":{"name":"setCachedResult","decl":{"start":{"line":357,"column":9},"end":{"line":357,"column":24}},"loc":{"start":{"line":357,"column":57},"end":{"line":368,"column":1}},"line":357},"22":{"name":"(anonymous_22)","decl":{"start":{"line":364,"column":29},"end":{"line":364,"column":30}},"loc":{"start":{"line":364,"column":39},"end":{"line":364,"column":90}},"line":364},"23":{"name":"invalidateCache","decl":{"start":{"line":370,"column":9},"end":{"line":370,"column":24}},"loc":{"start":{"line":370,"column":27},"end":{"line":373,"column":1}},"line":370},"24":{"name":"(anonymous_24)","decl":{"start":{"line":378,"column":2},"end":{"line":378,"column":3}},"loc":{"start":{"line":378,"column":27},"end":{"line":382,"column":3}},"line":378},"25":{"name":"(anonymous_25)","decl":{"start":{"line":384,"column":2},"end":{"line":384,"column":3}},"loc":{"start":{"line":384,"column":10},"end":{"line":399,"column":3}},"line":384},"26":{"name":"(anonymous_26)","decl":{"start":{"line":385,"column":23},"end":{"line":385,"column":24}},"loc":{"start":{"line":385,"column":44},"end":{"line":398,"column":5}},"line":385},"27":{"name":"(anonymous_27)","decl":{"start":{"line":386,"column":22},"end":{"line":386,"column":23}},"loc":{"start":{"line":386,"column":28},"end":{"line":392,"column":7}},"line":386},"28":{"name":"(anonymous_28)","decl":{"start":{"line":389,"column":10},"end":{"line":389,"column":11}},"loc":{"start":{"line":389,"column":19},"end":{"line":389,"column":67}},"line":389},"29":{"name":"(anonymous_29)","decl":{"start":{"line":390,"column":10},"end":{"line":390,"column":11}},"loc":{"start":{"line":390,"column":19},"end":{"line":390,"column":66}},"line":390},"30":{"name":"(anonymous_30)","decl":{"start":{"line":401,"column":2},"end":{"line":401,"column":3}},"loc":{"start":{"line":401,"column":11},"end":{"line":405,"column":3}},"line":401},"31":{"name":"(anonymous_31)","decl":{"start":{"line":407,"column":2},"end":{"line":407,"column":3}},"loc":{"start":{"line":407,"column":14},"end":{"line":409,"column":3}},"line":407},"32":{"name":"(anonymous_32)","decl":{"start":{"line":408,"column":38},"end":{"line":408,"column":39}},"loc":{"start":{"line":408,"column":46},"end":{"line":408,"column":58}},"line":408},"33":{"name":"(anonymous_33)","decl":{"start":{"line":411,"column":2},"end":{"line":411,"column":3}},"loc":{"start":{"line":411,"column":13},"end":{"line":413,"column":3}},"line":411},"34":{"name":"registerTaskHandler","decl":{"start":{"line":420,"column":9},"end":{"line":420,"column":28}},"loc":{"start":{"line":420,"column":48},"end":{"line":422,"column":1}},"line":420},"35":{"name":"executeTask","decl":{"start":{"line":424,"column":15},"end":{"line":424,"column":26}},"loc":{"start":{"line":424,"column":46},"end":{"line":441,"column":1}},"line":424},"36":{"name":"executeStage","decl":{"start":{"line":445,"column":15},"end":{"line":445,"column":27}},"loc":{"start":{"line":445,"column":68},"end":{"line":512,"column":1}},"line":445},"37":{"name":"(anonymous_37)","decl":{"start":{"line":477,"column":18},"end":{"line":477,"column":19}},"loc":{"start":{"line":477,"column":32},"end":{"line":477,"column":98}},"line":477},"38":{"name":"(anonymous_38)","decl":{"start":{"line":477,"column":32},"end":{"line":477,"column":33}},"loc":{"start":{"line":477,"column":38},"end":{"line":477,"column":98}},"line":477},"39":{"name":"(anonymous_39)","decl":{"start":{"line":498,"column":41},"end":{"line":498,"column":42}},"loc":{"start":{"line":499,"column":6},"end":{"line":499,"column":102}},"line":499},"40":{"name":"executeSingleTask","decl":{"start":{"line":514,"column":15},"end":{"line":514,"column":32}},"loc":{"start":{"line":514,"column":76},"end":{"line":566,"column":1}},"line":514},"41":{"name":"sortTasksByPool","decl":{"start":{"line":630,"column":9},"end":{"line":630,"column":24}},"loc":{"start":{"line":630,"column":32},"end":{"line":636,"column":1}},"line":630},"42":{"name":"(anonymous_42)","decl":{"start":{"line":631,"column":25},"end":{"line":631,"column":26}},"loc":{"start":{"line":631,"column":35},"end":{"line":635,"column":3}},"line":631},"43":{"name":"findBreakerForTask","decl":{"start":{"line":639,"column":9},"end":{"line":639,"column":27}},"loc":{"start":{"line":639,"column":55},"end":{"line":663,"column":1}},"line":639},"44":{"name":"recalcMetrics","decl":{"start":{"line":665,"column":9},"end":{"line":665,"column":22}},"loc":{"start":{"line":665,"column":30},"end":{"line":670,"column":1}},"line":665},"45":{"name":"topologicalSort","decl":{"start":{"line":674,"column":9},"end":{"line":674,"column":24}},"loc":{"start":{"line":674,"column":33},"end":{"line":716,"column":1}},"line":674},"46":{"name":"(anonymous_46)","decl":{"start":{"line":721,"column":2},"end":{"line":721,"column":3}},"loc":{"start":{"line":721,"column":16},"end":{"line":732,"column":3}},"line"
[...]
column":28},"end":{"line":809,"column":78}},"type":"binary-expr","locations":[{"start":{"line":809,"column":28},"end":{"line":809,"column":72}},{"start":{"line":809,"column":76},"end":{"line":809,"column":78}}],"line":809},"99":{"loc":{"start":{"line":809,"column":29},"end":{"line":809,"column":53}},"type":"binary-expr","locations":[{"start":{"line":809,"column":29},"end":{"line":809,"column":47}},{"start":{"line":809,"column":51},"end":{"line":809,"column":53}}],"line":809},"100":{"loc":{"start":{"line":814,"column":8},"end":{"line":824,"column":9}},"type":"if","locations":[{"start":{"line":814,"column":8},"end":{"line":824,"column":9}},{"start":{},"end":{}}],"line":814},"101":{"loc":{"start":{"line":814,"column":12},"end":{"line":814,"column":72}},"type":"binary-expr","locations":[{"start":{"line":814,"column":12},"end":{"line":814,"column":30}},{"start":{"line":814,"column":34},"end":{"line":814,"column":72}}],"line":814},"102":{"loc":{"start":{"line":816,"column":10},"end":{"line":819,"column":11}},"type":"if","locations":[{"start":{"line":816,"column":10},"end":{"line":819,"column":11}},{"start":{},"end":{}}],"line":816},"103":{"loc":{"start":{"line":816,"column":14},"end":{"line":816,"column":90}},"type":"binary-expr","locations":[{"start":{"line":816,"column":14},"end":{"line":816,"column":32}},{"start":{"line":816,"column":36},"end":{"line":816,"column":90}}],"line":816},"104":{"loc":{"start":{"line":820,"column":10},"end":{"line":823,"column":11}},"type":"if","locations":[{"start":{"line":820,"column":10},"end":{"line":823,"column":11}},{"start":{},"end":{}}],"line":820},"105":{"loc":{"start":{"line":820,"column":14},"end":{"line":820,"column":85}},"type":"binary-expr","locations":[{"start":{"line":820,"column":14},"end":{"line":820,"column":32}},{"start":{"line":820,"column":36},"end":{"line":820,"column":85}}],"line":820},"106":{"loc":{"start":{"line":829,"column":4},"end":{"line":831,"column":5}},"type":"if","locations":[{"start":{"line":829,"column":4},"end":{"line":831,"column":5}},{"start":{},"end":{}}],"line":829},"107":{"loc":{"start":{"line":850,"column":4},"end":{"line":852,"column":5}},"type":"if","locations":[{"start":{"line":850,"column":4},"end":{"line":852,"column":5}},{"start":{},"end":{}}],"line":850},"108":{"loc":{"start":{"line":863,"column":6},"end":{"line":865,"column":7}},"type":"if","locations":[{"start":{"line":863,"column":6},"end":{"line":865,"column":7}},{"start":{},"end":{}}],"line":863},"109":{"loc":{"start":{"line":864,"column":84},"end":{"line":864,"column":110}},"type":"binary-expr","locations":[{"start":{"line":864,"column":84},"end":{"line":864,"column":104}},{"start":{"line":864,"column":108},"end":{"line":864,"column":110}}],"line":864},"110":{"loc":{"start":{"line":879,"column":4},"end":{"line":879,"column":28}},"type":"if","locations":[{"start":{"line":879,"column":4},"end":{"line":879,"column":28}},{"start":{},"end":{}}],"line":879},"111":{"loc":{"start":{"line":880,"column":22},"end":{"line":880,"column":45}},"type":"binary-expr","locations":[{"start":{"line":880,"column":22},"end":{"line":880,"column":39}},{"start":{"line":880,"column":43},"end":{"line":880,"column":45}}],"line":880},"112":{"loc":{"start":{"line":883,"column":4},"end":{"line":900,"column":5}},"type":"if","locations":[{"start":{"line":883,"column":4},"end":{"line":900,"column":5}},{"start":{},"end":{}}],"line":883},"113":{"loc":{"start":{"line":885,"column":22},"end":{"line":885,"column":39}},"type":"binary-expr","locations":[{"start":{"line":885,"column":22},"end":{"line":885,"column":33}},{"start":{"line":885,"column":37},"end":{"line":885,"column":39}}],"line":885},"114":{"loc":{"start":{"line":887,"column":10},"end":{"line":897,"column":11}},"type":"if","locations":[{"start":{"line":887,"column":10},"end":{"line":897,"column":11}},{"start":{},"end":{}}],"line":887},"115":{"loc":{"start":{"line":887,"column":14},"end":{"line":887,"column":72}},"type":"binary-expr","locations":[{"start":{"line":887,"column":14},"end":{"line":887,"column":43}},{"start":{"line":887,"column":47},"end":{"line":887,"column":72}}],"line":887},"116":{"loc":{"start":{"line":894,"column":16},"end":{"line":894,"column":59}},"type":"cond-expr","locations":[{"start":{"line":894,"column":52},"end":{"line":894,"column":54}},{"start":{"line":894,"column":57},"end":{"line":894,"column":59}}],"line":894},"117":{"loc":{"start":{"line":903,"column":4},"end":{"line":925,"column":5}},"type":"if","locations":[{"start":{"line":903,"column":4},"end":{"line":925,"column":5}},{"start":{},"end":{}}],"line":903},"118":{"loc":{"start":{"line":905,"column":8},"end":{"line":912,"column":9}},"type":"if","locations":[{"start":{"line":905,"column":8},"end":{"line":912,"column":9}},{"start":{},"end":{}}],"line":905},"119":{"loc":{"start":{"line":905,"column":12},"end":{"line":905,"column":48}},"type":"binary-expr","locations":[{"start":{"line":905,"column":12},"end":{"line":905,"column":27}},{"start":{"line":905,"column":31},"end":{"line":905,"column":48}}],"line":905},"120":{"loc":{"start":{"line":914,"column":22},"end":{"line":914,"column":39}},"type":"binary-expr","locations":[{"start":{"line":914,"column":22},"end":{"line":914,"column":33}},{"start":{"line":914,"column":37},"end":{"line":914,"column":39}}],"line":914},"121":{"loc":{"start":{"line":916,"column":10},"end":{"line":922,"column":11}},"type":"if","locations":[{"start":{"line":916,"column":10},"end":{"line":922,"column":11}},{"start":{},"end":{}}],"line":916},"122":{"loc":{"start":{"line":928,"column":4},"end":{"line":969,"column":5}},"type":"if","locations":[{"start":{"line":928,"column":4},"end":{"line":969,"column":5}},{"start":{},"end":{}}],"line":928},"123":{"loc":{"start":{"line":934,"column":8},"end":{"line":934,"column":115}},"type":"if","locations":[{"start":{"line":934,"column":8},"end":{"line":934,"column":115}},{"start":{},"end":{}}],"line":934},"124":{"loc":{"start":{"line":935,"column":8},"end":{"line":935,"column":111}},"type":"if","locations":[{"start":{"line":935,"column":8},"end":{"line":935,"column":111}},{"start":{},"end":{}}],"line":935},"125":{"loc":{"start":{"line":936,"column":8},"end":{"line":936,"column":114}},"type":"if","locations":[{"start":{"line":936,"column":8},"end":{"line":936,"column":114}},{"start":{},"end":{}}],"line":936},"126":{"loc":{"start":{"line":936,"column":12},"end":{"line":936,"column":55}},"type":"binary-expr","locations":[{"start":{"line":936,"column":12},"end":{"line":936,"column":31}},{"start":{"line":936,"column":35},"end":{"line":936,"column":55}}],"line":936},"127":{"loc":{"start":{"line":937,"column":8},"end":{"line":937,"column":82}},"type":"if","locations":[{"start":{"line":937,"column":8},"end":{"line":937,"column":82}},{"start":{},"end":{}}],"line":937},"128":{"loc":{"start":{"line":941,"column":10},"end":{"line":944,"column":11}},"type":"if","locations":[{"start":{"line":941,"column":10},"end":{"line":944,"column":11}},{"start":{},"end":{}}],"line":941},"129":{"loc":{"start":{"line":941,"column":14},"end":{"line":941,"column":50}},"type":"binary-expr","locations":[{"start":{"line":941,"column":14},"end":{"line":941,"column":29}},{"start":{"line":941,"column":33},"end":{"line":941,"column":50}}],"line":941},"130":{"loc":{"start":{"line":943,"column":12},"end":{"line":943,"column":96}},"type":"if","locations":[{"start":{"line":943,"column":12},"end":{"line":943,"column":96}},{"start":{},"end":{}}],"line":943},"131":{"loc":{"start":{"line":947,"column":8},"end":{"line":947,"column":122}},"type":"if","locations":[{"start":{"line":947,"column":8},"end":{"line":947,"column":122}},{"start":{},"end":{}}],"line":947},"132":{"loc":{"start":{"line":952,"column":20},"end":{"line":952,"column":86}},"type":"cond-expr","locations":[{"start":{"line":952,"column":40},"end":{"line":952,"column":46}},{"start":{"line":952,"column":49},"end":{"line":952,"column":86}}],"line":952},"133":{"loc":{"start":{"line":952,"column":49},"end":{"line":952,"column":86}},"type":"cond-expr","locations":[{"start":{"line":952,"column":70},"end":{"line":952,"column":78}},{"start":{"line":952,"column":81},"end":{"line":952,"column":86}}],"line":952},"134":{"loc":{"start":{"line":954,"column":12},"end":{"line":954,"column":75}},"type":"cond-expr","locations":[{"start":{"line":954,"column":34},"end":{"line":954,"column":68}},{"start":{"line":954,"column":71},"end":{"line":954,"column":75}}],"line":954},"135":{"loc":{"start":{"line":955,"column":12},"end":{"line":955,"column":88}},"type":"cond-expr","locations":[{"start":{"line":955,"column":32},"end":{"line":955,"column":81}},{"start":{"line":955,"column":84},"end":{"line":955,"column":88}}],"line":955},"136":{"loc":{"start":{"line":956,"column":12},"end":{"line":956,"column":99}},"type":"cond-expr","locations":[{"start":{"line":956,"column":34},"end":{"line":956,"column":92}},{"start":{"line":956,"column":95},"end":{"line":956,"column":99}}],"line":956},"137":{"loc":{"start":{"line":966,"column":18},"end":{"line":966,"column":88}},"type":"cond-expr","locations":[{"start":{"line":966,"column":62},"end":{"line":966,"column":71}},{"start":{"line":966,"column":74},"end":{"line":966,"column":88}}],"line":966},"138":{"loc":{"start":{"line":989,"column":4},"end":{"line":989,"column":35}},"type":"if","locations":[{"start":{"line":989,"column":4},"end":{"line":989,"column":35}},{"start":{},"end":{}}],"line":989},"139":{"loc":{"start":{"line":994,"column":16},"end":{"line":994,"column":35}},"type":"binary-expr","locations":[{"start":{"line":994,"column":16},"end":{"line":994,"column":26}},{"start":{"line":994,"column":30},"end":{"line":994,"column":35}}],"line":994},"140":{"loc":{"start":{"line":995,"column":17},"end":{"line":995,"column":34}},"type":"binary-expr","locations":[{"start":{"line":995,"column":17},"end":{"line":995,"column":28}},{"start":{"line":995,"column":32},"end":{"line":995,"column":34}}],"line":995},"141":{"loc":{"start":{"line":996,"column":13},"end":{"line":996,"column":26}},"type":"binary-expr","locations":[{"start":{"line":996,"column":13},"end":{"line":996,"column":20}},{"start":{"line":996,"column":24},"end":{"line":996,"column":26}}],"line":996},"142":{"loc":{"start":{"line":997,"column":18},"end":{"line":997,"column":39}},"type":"binary-expr","locations":[{"start":{"line":997,"column":18},"end":{"line":997,"column":30}},{"start":{"line":997,"column":34},"end":{"line":997,"column":39}}],"line":997},"143":{"loc":{"start":{"line":1002,"column":4},"end":{"line":1002,"column":35}},"type":"if","locations":[{"start":{"line":1002,"column":4},"end":{"line":1002,"column":35}},{"start":{},"end":{}}],"line":1002},"144":{"loc":{"start":{"line":1008,"column":53},"end":{"line":1008,"column":66}},"type":"binary-expr","locations":[{"start":{"line":1008,"column":53},"end":{"line":1008,"column":60}},{"start":{"line":1008,"column":64},"end":{"line":1008,"column":66}}],"line":1008},"145":{"loc":{"start":{"line":1012,"column":26},"end":{"line":1012,"column":121}},"type":"binary-expr","locations":[{"start":{"line":1012,"column":26},"end":{"line":1012,"column":115}},{"start":{"line":1012,"column":119},"end":{"line":1012,"column":121}}],"line":1012},"146":{"loc":{"start":{"line":1012,"column":27},"end":{"line":1012,"column":97}},"type":"binary-expr","locations":[{"start":{"line":1012,"column":27},"end":{"line":1012,"column":47}},{"start":{"line":1012,"column":51},"end":{"line":1012,"column":91}},{"start":{"line":1012,"column":95},"end":{"line":1012,"column":97}}],"line":1012},"147":{"loc":{"start":{"line":1013,"column":27},"end":{"line":1013,"column":123}},"type":"binary-expr","locations":[{"start":{"line":1013,"column":27},"end":{"line":1013,"column":117}},{"start":{"line":1013,"column":121},"end":{"line":1013,"column":123}}],"line":1013},"148":{"loc":{"start":{"line":1013,"column":28},"end":{"line":1013,"column":98}},"type":"binary-expr","locations":[{"start":{"line":1013,"column":28},"end":{"line":1013,"column":48}},{"start":{"line":1013,"column":52},"end":{"line":1013,"column":92}},{"start":{"line":1013,"column":96},"end":{"line":1013,"column":98}}],"line":1013},"149":{"loc":{"start":{"line":1016,"column":8},"end":{"line":1016,"column":104}},"type":"binary-expr","locations":[{"start":{"line":1016,"column":8},"end":{"line":1016,"column":98}},{"start":{"line":1016,"column":102},"end":{"line":1016,"column":104}}],"line":1016},"150":{"loc":{"start":{"line":1016,"column":9},"end":{"line":1016,"column":79}},"type":"binary-expr","locations":[{"start":{"line":1016,"column":9},"end":{"line":1016,"column":29}},{"start":{"line":1016,"column":33},"end":{"line":1016,"column":73}},{"start":{"line":1016,"column":77},"end":{"line":1016,"column":79}}],"line":1016},"151":{"loc":{"start":{"line":1018,"column":17},"end":{"line":1018,"column":53}},"type":"binary-expr","locations":[{"start":{"line":1018,"column":17},"end":{"line":1018,"column":47}},{"start":{"line":1018,"column":51},"end":{"line":1018,"column":53}}],"line":1018},"152":{"loc":{"start":{"line":1019,"column":15},"end":{"line":1019,"column":49}},"type":"binary-expr","locations":[{"start":{"line":1019,"column":15},"end":{"line":1019,"column":43}},{"start":{"line":1019,"column":47},"end":{"line":1019,"column":49}}],"line":1019},"153":{"loc":{"start":{"line":1021,"column":22},"end":{"line":1021,"column":69}},"type":"binary-expr","locations":[{"start":{"line":1021,"column":22},"end":{"line":1021,"column":63}},{"start":{"line":1021,"column":67},"end":{"line":1021,"column":69}}],"line":1021},"154":{"loc":{"start":{"line":1022,"column":18},"end":{"line":1022,"column":61}},"type":"binary-expr","locations":[{"start":{"line":1022,"column":18},"end":{"line":1022,"column":55}},{"start":{"line":1022,"column":59},"end":{"line":1022,"column":61}}],"line":1022},"155":{"loc":{"start":{"line":1023,"column":23},"end":{"line":1023,"column":71}},"type":"binary-expr","locations":[{"start":{"line":1023,"column":23},"end":{"line":1023,"column":65}},{"start":{"line":1023,"column":69},"end":{"line":1023,"column":71}}],"line":1023}},"s":{"0":1,"1":1,"2":1,"3":1,"4":1,"5":1,"6":1,"7":1,"8":1,"9":1,"10":1,"11":1,"12":16,"13":16,"14":1,"15":15,"16":13,"17":2,"18":11,"19":11,"20":1,"21":1,"22":1,"23":0,"24":1,"25":1,"26":0,"27":1,"28":1,"29":0,"30":1,"31":1,"32":0,"33":1,"34":1,"35":0,"36":1,"37":1,"38":0,"39":1,"40":1,"41":1,"42":1,"43":1,"44":0,"45":1,"46":1,"47":0,"48":1,"49":1,"50":0,"51":1,"52":1,"53":0,"54":1,"55":1,"56":1,"57":13,"58":13,"59":1,"60":1,"61":0,"62":0,"63":1,"64":1,"65":1,"66":1,"67":1,"68":0,"69":0,"70":0,"71":0,"72":0,"73":0,"74":0,"75":0,"76":0,"77":0,"78":0,"79":0,"80":0,"81":0,"82":0,"83":0,"84":0,"85":0,"86":0,"87":0,"88":0,"89":0,"90":0,"91":0,"92":0,"93":0,"94":0,"95":0,"96":0,"97":0,"98":0,"99":0,"100":0,"101":0,"102":0,"103":0,"104":0,"105":0,"106":0,"107":0,"108":0,"109":0,"110":0,"111":0,"112":0,"113":0,"114":0,"115":0,"116":0,"117":0,"118":0,"119":0,"120":7,"121":7,"122":7,"123":7,"124":7,"125":7,"126":7,"127":7,"128":4,"129":1,"130":3,"131":2,"132":1,"133":1,"134":0,"135":0,"136":0,"137":1,"138":0,"139":1,"140":0,"141":0,"142":7,"143":7,"144":7,"145":0,"146":7,"147":3,"148":3,"149":1,"150":0,"151":0,"152":0,"153":0,"154":0,"155":0,"156":0,"157":0,"158":0,"159":0,"160":0,"161":0,"162":0,"163":0,"164":0,"165":0,"166":0,"167":0,"168":0,"169":0,"170":0,"171":0,"172":0,"173":0,"174":0,"175":0,"176":0,"177":0,"178":0,"179":0,"180":0,"181":0,"182":0,"183":0,"184":0,"185":0,"186":0,"187":0,"188":0,"189":0,"190":0,"191":0,"192":0,"193":0,"194":0,"195":0,"196":0,"197":0,"198":0,"199":0,"200":0,"201":0,"202":0,"203":0,"204":0,"205":0,"206":0,"207":0,"208":1,"209":0,"210":0,"211":0,"212":0,"213":0,"214":0,"215":0,"216":0,"217":0,"218":0,"219":0,"220":0,"221":0,"222":0,"223":0,"224":0,"225":0,"226":0,"227":0,"228":0,"229":0,"230":0,"231":0,"232":0,"233":0,"234":0,"235":0,"236":0,"237":0,"238":0,"239":0,"240":0,"241":0,"242":0,"243":0,"244":0,"245":0,"246":0,"247":0,"248":0,"249":0,"250":0,"251":0,"252":0,"253":0,"254":0,"255":0,"256":0,"257":0,"258":0,"259":0,"260":0,"261":0,"262":0,"263":0,"264":0,"265":0,"266":0,"267":0,"268":0,"269":0,"270":0,"271":0,"272":0,"273":0,"274":0,"275":0,"276":0,"277":0,"278":0,"279":0,"280":0,"281":0,"282":0,"283":0,"284":0,"285":0,"286":0,"287":0,"288":0,"289":0,"290":0,"291":1,"292":1,"293":0,"294":0,"295":0,"296":0,"297":0,"298":0,"299":0,"300":0,"301":0,"302":0,"303":0,"304":0,"305":0,"306":0,"307":0,"308":0,"309":0,"310":0,"311":0,"312":0,"313":0,"314":0,"315":0,"316":0,"317":0,"318":0,"319":0,"320":0,"321":0,"322":0,"323":0,"324":0,"325":0,"326":0,"327":0,"328":0,"329":0,"330":0,"331":1,"332":1,"333":1,"334":1,"335":1,"336":1,"337":1,"338":1,"339":1,"340":0,"341":0,"342":0,"343":0,"344":0,"345":0,"346":1,"347":1,"348":1,"349":1,"350":1,"351":1,"352":3,"353":1,"354":1,"355":0,"356":0,"357":0,"358":0,"359":0,"360":0,"361":0,"362":0,"363":0,"364":0,"365":0,"366":0,"367":0,"368":0,"369":0,"370":0,"371":0,"372":0,"373":0,"374":0,"375":0,"376":0,"377":0,"378":0,"379":0,"380":0,"381":0,"382":0,"383":0,"384":0,"385":0,"386":0,"387":0,"388":0,"389":0,"390":0,"391":0,"392":0,"393":0,"394":0,"395":0,"396":0,"397":0,"398":0,"399":0,"400":0,"401":0,"402":0,"403":0,"404":0,"405":0,"406":0,"407":0,"408":0,"409":0,"410":0,"411":0,"412":0,"413":0,"414":0,"415":0,"416":0,"417":0,"418":0,"419":0,"420":0,"421":0,"422":0,"423":0,"424":0,"425":0,"426":0,"427":0,"428":0,"429":0,"430":0,"431":0,"432":0,"433":0,"434":0,"435":0,"436":0,"437":0,"438":0,"439":0,"440":0,"441":0,"442":0,"443":0,"444":0,"445":0,"446":0,"447":0,"448":0,"449":0,"450":0,"451":0,"452":0,"453":0,"454":0,"455":0,"456":0,"457":0,"458":0,"459":0,"460":0,"461":0,"462":0,"463":1,"464":1,"465":1,"466":1,"467":14,"468":1,"469":1},"f":{"0":16,"1":13,"2":1,"3":1,"4":0,"5":1,"6":0,"7":0,"8":0,"9":0,"10":0,"11":0,"12":7,"13":4,"14":1,"15":7,"16":3,"17":0,"18":0,"19":0,"20":0,"21":0,"22":0,"23":0,"24":0,"25":0,"26":0,"27":0,"28":0,"29":0,"30":0,"31":0,"32":0,"33":0,"34":0,"35":0,"36":0,"37":0,"38":0,"39":0,"40":0,"41":0,"42":0,"43":0,"44":0,"45":0,"46":1,"47":0,"48":1,"49":0,"50":0,"51":0,"52":0,"53":0,"54":0,"55":0,"56":1,"57":14},"b":{"0":[1,15],"1":[2,11],"2":[0,0],"3":[1,1],"4":[0,1],"5":[0,0],"6":[0,0],"7":[0,0,0,0],"8":[0,0],"9":[0,0],"10":[0,0],"11":[0,0],"12":[0,0],"13":[0,0,0,0],"14":[0,0],"15":[0,0],"16":[0,0],"17":[0,0],"18":[0,0],"19":[0,0],"20":[0,0],"21":[0,0],"22":[0,0,0,0,0,0,0],"23":[0,0],"24":[7,0],"25":[7,2],"26":[7,4],"27":[1,3],"28":[2,1],"29":[1,0],"30":[0,1],"31":[0,1],"32":[0,7],"33":[3,4],"34":[0,0],"35":[0,0],"36":[0,0],"37":[0,0,0],"38":[0,0],"39":[0,0],"40":[0,0],"41":[0,0],"42":[0,0],"43":[0,0],"44":[0,0],"45":[0,0],"46":[0,0],"47":[0,0],"48":[0,0],"49":[0,0],"50":[0,0],"51":[0,0],"52":[0,0],"53":[0,0,0,0],"54":[0,0],"55":[0,0,0],"56":[0,0],"57":[0,0],"58":[0,0],"59":[0,0],"60":[0,0],"61":[0,0],"62":[0,0],"63":[0,0],"64":[0,0],"65":[0,0],"66":[0,0],"67":[0,0],"68":[0,0],"69":[0,0],"70":[0,0],"71":[0,0],"72":[0,0],"73":[0,0],"74":[0,0],"75":[0,0],"76":[0,0],"77":[0,0],"78":[0,0],"79":[0,0],"80":[0,0],"81":[0,0],"82":[0,0],"83":[0],"84":[0,0],"85":[0,0],"86":[0,0],"87":[1,0],"88":[1,0],"89":[3,0],"90":[0,0],"91":[0,0],"92":[0,0,0],"93":[0,0],"94":[0,0],"95":[0,0],"96":[0,0],"97":[0,0],"98":[0,0],"99":[0,0],"100":[0,0],"101":[0,0],"102":[0,0],"103":[0,0],"104":[0,0],"105":[0,0],"106":[0,0],"107":[0,0],"108":[0,0],"109":[0,0],"110":[0,0],"111":[0,0],"112":[0,0],"113":[0,0],"114":[0,0],"115":[0,0],"116":[0,0],"117":[0,0],"118":[0,0],"119":[0,0],"120":[0,0],"121":[0,0],"122":[0,0],"123":[0,0],"124":[0,0],"125":[0,0],"126":[0,0],"127":[0,0],"128":[0,0],"129":[0,0],"130":[0,0],"131":[0,0],"132":[0,0],"133":[0,0],"134":[0,0],"135":[0,0],"136":[0,0],"137":[0,0],"138":[0,0],"139":[0,0],"140":[0,0],"141":[0,0],"142":[0,0],"143":[1,0],"144":[14,0],"145":[1,0],"146":[1,0,0],"147":[1,0],"148":[1,0,0],"149":[1,0],"150":[1,0,0],"151":[1,0],"152":[1,0],"153":[1,0],"154":[1,0],"155":[1,0]},"_coverageSchema":"1a1c01bbd47fc00a2c39e90264f33305004495a9","hash":"6ae1f1bb458c1a8ad4e20d48cccf2afdb879190a"}
}
