TN:
SF:src/hc-full-pipeline.js
FN:42,(anonymous_0)
FN:55,(anonymous_1)
FN:57,(anonymous_2)
FN:66,(anonymous_3)
FN:76,(anonymous_4)
FN:103,(anonymous_5)
FN:201,(anonymous_6)
FN:228,(anonymous_7)
FN:240,(anonymous_8)
FN:248,(anonymous_9)
FN:261,(anonymous_10)
FN:269,(anonymous_11)
FN:275,(anonymous_12)
FN:279,(anonymous_13)
FN:299,(anonymous_14)
FN:308,(anonymous_15)
FN:317,(anonymous_16)
FN:327,(anonymous_17)
FN:333,(anonymous_18)
FN:345,(anonymous_19)
FN:358,(anonymous_20)
FN:378,(anonymous_21)
FN:436,(anonymous_22)
FN:488,(anonymous_23)
FN:490,(anonymous_24)
FN:492,(anonymous_25)
FN:496,(anonymous_26)
FN:500,(anonymous_27)
FN:501,(anonymous_28)
FN:502,(anonymous_29)
FN:503,(anonymous_30)
FNF:31
FNH:31
FNDA:31,(anonymous_0)
FNDA:44,(anonymous_1)
FNDA:273,(anonymous_2)
FNDA:29,(anonymous_3)
FNDA:261,(anonymous_4)
FNDA:26,(anonymous_5)
FNDA:185,(anonymous_6)
FNDA:25,(anonymous_7)
FNDA:23,(anonymous_8)
FNDA:22,(anonymous_9)
FNDA:21,(anonymous_10)
FNDA:84,(anonymous_11)
FNDA:114,(anonymous_12)
FNDA:23,(anonymous_13)
FNDA:21,(anonymous_14)
FNDA:17,(anonymous_15)
FNDA:16,(anonymous_16)
FNDA:16,(anonymous_17)
FNDA:144,(anonymous_18)
FNDA:26,(anonymous_19)
FNDA:5,(anonymous_20)
FNDA:5,(anonymous_21)
FNDA:3,(anonymous_22)
FNDA:1,(anonymous_23)
FNDA:1,(anonymous_24)
FNDA:1,(anonymous_25)
FNDA:1,(anonymous_26)
FNDA:2,(anonymous_27)
FNDA:2,(anonymous_28)
FNDA:2,(anonymous_29)
FNDA:2,(anonymous_30)
DA:16,1
DA:17,1
DA:19,1
DA:31,1
DA:43,31
DA:44,31
DA:45,31
DA:46,31
DA:47,31
DA:48,31
DA:49,31
DA:50,31
DA:51,31
DA:56,44
DA:57,44
DA:58,273
DA:59,273
DA:60,273
DA:61,273
DA:67,29
DA:68,29
DA:70,29
DA:76,261
DA:97,29
DA:98,29
DA:99,29
DA:104,26
DA:105,26
DA:107,25
DA:108,25
DA:109,25
DA:111,25
DA:112,25
DA:113,185
DA:114,185
DA:117,185
DA:118,3
DA:119,3
DA:120,3
DA:124,182
DA:125,182
DA:126,182
DA:128,182
DA:129,182
DA:130,177
DA:131,177
DA:132,177
DA:133,177
DA:134,177
DA:137,177
DA:138,5
DA:139,5
DA:142,5
DA:143,5
DA:144,5
DA:145,5
DA:148,5
DA:149,5
DA:151,0
DA:152,0
DA:153,0
DA:154,0
DA:155,0
DA:156,0
DA:157,0
DA:158,0
DA:159,0
DA:160,0
DA:161,0
DA:162,0
DA:163,0
DA:170,5
DA:171,0
DA:179,5
DA:180,5
DA:181,5
DA:182,5
DA:183,5
DA:187,15
DA:188,15
DA:189,15
DA:190,15
DA:192,0
DA:193,0
DA:194,0
DA:197,15
DA:202,185
DA:204,25
DA:206,23
DA:208,22
DA:210,21
DA:212,23
DA:214,21
DA:216,17
DA:218,17
DA:220,16
DA:222,0
DA:229,25
DA:230,25
DA:231,2
DA:233,23
DA:241,23
DA:242,23
DA:243,23
DA:244,23
DA:245,23
DA:249,22
DA:250,22
DA:252,0
DA:258,0
DA:262,21
DA:263,0
DA:266,21
DA:267,21
DA:268,21
DA:269,84
DA:275,114
DA:276,21
DA:280,23
DA:281,23
DA:283,23
DA:284,23
DA:285,21
DA:300,21
DA:301,16
DA:304,5
DA:305,5
DA:309,17
DA:310,17
DA:318,16
DA:319,16
DA:320,16
DA:321,16
DA:322,0
DA:324,16
DA:328,16
DA:333,144
DA:346,26
DA:354,26
DA:359,5
DA:360,5
DA:361,5
DA:362,15
DA:363,15
DA:364,12
DA:365,12
DA:366,12
DA:369,5
DA:379,5
DA:380,5
DA:383,5
DA:384,0
DA:385,0
DA:386,0
DA:387,0
DA:388,0
DA:389,0
DA:395,0
DA:401,5
DA:402,0
DA:403,0
DA:404,0
DA:405,0
DA:406,0
DA:411,0
DA:416,5
DA:417,0
DA:418,0
DA:430,5
DA:431,5
DA:432,5
DA:437,3
DA:438,3
DA:439,1
DA:442,2
DA:443,2
DA:444,2
DA:445,2
DA:447,2
DA:448,1
DA:449,1
DA:450,1
DA:451,1
DA:454,1
DA:456,1
DA:457,3
DA:458,3
DA:459,3
DA:460,3
DA:461,3
DA:463,3
DA:464,3
DA:465,3
DA:466,3
DA:467,3
DA:468,3
DA:469,3
DA:471,0
DA:472,0
DA:473,0
DA:474,0
DA:475,0
DA:476,0
DA:480,1
DA:481,1
DA:482,1
DA:483,1
DA:484,1
DA:488,1
DA:491,1
DA:492,1
DA:497,1
DA:498,1
DA:500,2
DA:501,2
DA:502,2
DA:503,2
DA:509,1
DA:510,1
DA:512,1
LF:220
LH:177
BRDA:42,0,0,0
BRDA:44,1,0,31
BRDA:44,1,1,0
BRDA:46,2,0,31
BRDA:46,2,1,31
BRDA:47,3,0,31
BRDA:47,3,1,31
BRDA:48,4,0,31
BRDA:48,4,1,31
BRDA:49,5,0,31
BRDA:49,5,1,31
BRDA:50,6,0,31
BRDA:50,6,1,31
BRDA:66,7,0,0
BRDA:72,8,0,29
BRDA:72,8,1,29
BRDA:89,9,0,29
BRDA:89,9,1,25
BRDA:90,10,0,29
BRDA:90,10,1,27
BRDA:105,11,0,1
BRDA:105,11,1,25
BRDA:117,12,0,3
BRDA:117,12,1,182
BRDA:137,13,0,5
BRDA:137,13,1,172
BRDA:149,14,0,0
BRDA:149,14,1,5
BRDA:170,15,0,0
BRDA:170,15,1,5
BRDA:202,16,0,25
BRDA:202,16,1,23
BRDA:202,16,2,22
BRDA:202,16,3,21
BRDA:202,16,4,23
BRDA:202,16,5,21
BRDA:202,16,6,17
BRDA:202,16,7,17
BRDA:202,16,8,16
BRDA:202,16,9,0
BRDA:230,17,0,2
BRDA:230,17,1,23
BRDA:230,18,0,25
BRDA:230,18,1,4
BRDA:230,18,2,3
BRDA:235,19,0,23
BRDA:235,19,1,23
BRDA:242,20,0,23
BRDA:242,20,1,23
BRDA:243,21,0,23
BRDA:243,21,1,0
BRDA:244,22,0,23
BRDA:244,22,1,23
BRDA:249,23,0,22
BRDA:249,23,1,0
BRDA:255,24,0,0
BRDA:255,24,1,0
BRDA:256,25,0,0
BRDA:256,25,1,0
BRDA:262,26,0,0
BRDA:262,26,1,21
BRDA:268,27,0,21
BRDA:268,27,1,0
BRDA:271,28,0,84
BRDA:271,28,1,8
BRDA:271,28,2,4
BRDA:281,29,0,0
BRDA:281,29,1,23
BRDA:300,30,0,16
BRDA:300,30,1,5
BRDA:312,31,0,17
BRDA:312,31,1,0
BRDA:319,32,0,16
BRDA:319,32,1,16
BRDA:321,33,0,0
BRDA:321,33,1,16
BRDA:336,34,0,144
BRDA:336,34,1,140
BRDA:338,35,0,16
BRDA:338,35,1,0
BRDA:339,36,0,16
BRDA:339,36,1,16
BRDA:354,37,0,26
BRDA:354,37,1,1
BRDA:363,38,0,12
BRDA:363,38,1,3
BRDA:383,39,0,0
BRDA:383,39,1,5
BRDA:387,40,0,0
BRDA:387,40,1,0
BRDA:387,41,0,0
BRDA:387,41,1,0
BRDA:401,42,0,0
BRDA:401,42,1,5
BRDA:404,43,0,0
BRDA:404,43,1,0
BRDA:416,44,0,0
BRDA:416,44,1,5
BRDA:436,45,0,1
BRDA:438,46,0,1
BRDA:438,46,1,2
BRDA:438,47,0,3
BRDA:438,47,1,3
BRDA:443,48,0,2
BRDA:443,48,1,0
BRDA:447,49,0,1
BRDA:447,49,1,1
BRDA:488,50,0,1
BRDA:488,50,1,1
BRDA:490,51,0,1
BRDA:492,52,0,1
BRDA:492,52,1,1
BRDA:492,53,0,1
BRDA:492,53,1,1
BRF:114
BRH:86
end_of_record
TN:
SF:src/hc_pipeline.js
FN:43,loadYaml
FN:51,hashFile
FN:57,loadAllConfigs
FN:80,computeConfigHashes
FN:101,createRunState
FN:131,appendLog
FN:151,evaluateStopRules
FN:167,(anonymous_7)
FN:172,(anonymous_8)
FN:181,applyStopAction
FN:199,runCheckpoint
FN:241,executeCheckpointResponsibility
FN:263,(anonymous_12)
FN:274,(anonymous_13)
FN:289,(anonymous_14)
FN:296,(anonymous_15)
FN:306,(anonymous_16)
FN:315,loadTaskCache
FN:329,saveTaskCache
FN:338,getTaskCacheKey
FN:345,getCachedResult
FN:357,setCachedResult
FN:364,(anonymous_22)
FN:370,invalidateCache
FN:378,(anonymous_24)
FN:384,(anonymous_25)
FN:385,(anonymous_26)
FN:386,(anonymous_27)
FN:389,(anonymous_28)
FN:390,(anonymous_29)
FN:401,(anonymous_30)
FN:407,(anonymous_31)
FN:408,(anonymous_32)
FN:411,(anonymous_33)
FN:420,registerTaskHandler
FN:424,executeTask
FN:445,executeStage
FN:477,(anonymous_37)
FN:477,(anonymous_38)
FN:498,(anonymous_39)
FN:514,executeSingleTask
FN:630,sortTasksByPool
FN:631,(anonymous_42)
FN:639,findBreakerForTask
FN:665,recalcMetrics
FN:674,topologicalSort
FN:721,(anonymous_46)
FN:739,(anonymous_47)
FN:745,(anonymous_48)
FN:768,(anonymous_49)
FN:878,(anonymous_50)
FN:972,(anonymous_51)
FN:976,(anonymous_52)
FN:980,(anonymous_53)
FN:988,(anonymous_54)
FN:991,(anonymous_55)
FN:1001,(anonymous_56)
FN:1008,(anonymous_57)
FNF:58
FNH:14
FNDA:16,loadYaml
FNDA:13,hashFile
FNDA:1,loadAllConfigs
FNDA:1,computeConfigHashes
FNDA:0,createRunState
FNDA:1,appendLog
FNDA:0,evaluateStopRules
FNDA:0,(anonymous_7)
FNDA:0,(anonymous_8)
FNDA:0,applyStopAction
FNDA:0,runCheckpoint
FNDA:0,executeCheckpointResponsibility
FNDA:7,(anonymous_12)
FNDA:4,(anonymous_13)
FNDA:1,(anonymous_14)
FNDA:7,(anonymous_15)
FNDA:3,(anonymous_16)
FNDA:0,loadTaskCache
FNDA:0,saveTaskCache
FNDA:0,getTaskCacheKey
FNDA:0,getCachedResult
FNDA:0,setCachedResult
FNDA:0,(anonymous_22)
FNDA:0,invalidateCache
FNDA:0,(anonymous_24)
FNDA:0,(anonymous_25)
FNDA:0,(anonymous_26)
FNDA:0,(anonymous_27)
FNDA:0,(anonymous_28)
FNDA:0,(anonymous_29)
FNDA:0,(anonymous_30)
FNDA:0,(anonymous_31)
FNDA:0,(anonymous_32)
FNDA:0,(anonymous_33)
FNDA:0,registerTaskHandler
FNDA:0,executeTask
FNDA:0,executeStage
FNDA:0,(anonymous_37)
FNDA:0,(anonymous_38)
FNDA:0,(anonymous_39)
FNDA:0,executeSingleTask
FNDA:0,sortTasksByPool
FNDA:0,(anonymous_42)
FNDA:0,findBreakerForTask
FNDA:0,recalcMetrics
FNDA:0,topologicalSort
FNDA:1,(anonymous_46)
FNDA:0,(anonymous_47)
FNDA:1,(anonymous_48)
FNDA:0,(anonymous_49)
FNDA:0,(anonymous_50)
FNDA:0,(anonymous_51)
FNDA:0,(anonymous_52)
FNDA:0,(anonymous_53)
FNDA:0,(anonymous_54)
FNDA:0,(anonymous_55)
FNDA:1,(anonymous_56)
FNDA:14,(anonymous_57)
DA:27,1
DA:28,1
DA:29,1
DA:30,1
DA:31,1
DA:33,1
DA:34,1
DA:35,1
DA:36,1
DA:37,1
DA:38,1
DA:39,1
DA:44,16
DA:45,16
DA:46,1
DA:48,15
DA:52,13
DA:53,11
DA:54,11
DA:58,1
DA:66,1
DA:67,1
DA:68,1
DA:69,1
DA:70,1
DA:71,1
DA:72,1
DA:73,1
DA:74,1
DA:75,1
DA:76,1
DA:77,1
DA:81,1
DA:82,1
DA:83,13
DA:84,13
DA:86,1
DA:91,1
DA:102,0
DA:103,0
DA:132,1
DA:139,1
DA:141,1
DA:142,1
DA:143,1
DA:152,0
DA:154,0
DA:155,0
DA:157,0
DA:158,0
DA:160,0
DA:162,0
DA:163,0
DA:165,0
DA:167,0
DA:168,0
DA:170,0
DA:172,0
DA:173,0
DA:175,0
DA:178,0
DA:182,0
DA:184,0
DA:185,0
DA:187,0
DA:188,0
DA:190,0
DA:191,0
DA:193,0
DA:200,0
DA:213,0
DA:214,0
DA:215,0
DA:216,0
DA:221,0
DA:222,0
DA:223,0
DA:224,0
DA:225,0
DA:228,0
DA:229,0
DA:230,0
DA:234,0
DA:235,0
DA:236,0
DA:238,0
DA:242,0
DA:244,0
DA:246,0
DA:248,0
DA:250,0
DA:252,0
DA:254,0
DA:256,0
DA:264,7
DA:265,7
DA:266,7
DA:267,7
DA:268,7
DA:269,7
DA:270,7
DA:271,7
DA:275,4
DA:276,3
DA:277,1
DA:278,1
DA:279,0
DA:280,0
DA:281,0
DA:283,1
DA:286,0
DA:290,1
DA:291,0
DA:292,0
DA:297,7
DA:298,7
DA:299,7
DA:300,0
DA:301,7
DA:302,3
DA:307,3
DA:313,1
DA:316,0
DA:317,0
DA:318,0
DA:319,0
DA:321,0
DA:324,0
DA:326,0
DA:330,0
DA:331,0
DA:332,0
DA:340,0
DA:341,0
DA:342,0
DA:346,0
DA:347,0
DA:348,0
DA:349,0
DA:350,0
DA:351,0
DA:352,0
DA:354,0
DA:358,0
DA:359,0
DA:360,0
DA:362,0
DA:363,0
DA:364,0
DA:365,0
DA:367,0
DA:371,0
DA:372,0
DA:379,0
DA:380,0
DA:381,0
DA:385,0
DA:386,0
DA:387,0
DA:388,0
DA:389,0
DA:390,0
DA:393,0
DA:394,0
DA:396,0
DA:402,0
DA:403,0
DA:408,0
DA:412,0
DA:418,1
DA:421,0
DA:425,0
DA:426,0
DA:427,0
DA:431,0
DA:432,0
DA:440,0
DA:446,0
DA:454,0
DA:455,0
DA:456,0
DA:458,0
DA:459,0
DA:460,0
DA:462,0
DA:469,0
DA:470,0
DA:472,0
DA:475,0
DA:476,0
DA:477,0
DA:479,0
DA:482,0
DA:483,0
DA:484,0
DA:489,0
DA:490,0
DA:491,0
DA:492,0
DA:496,0
DA:497,0
DA:498,0
DA:499,0
DA:502,0
DA:504,0
DA:505,0
DA:506,0
DA:507,0
DA:508,0
DA:511,0
DA:515,0
DA:518,0
DA:519,0
DA:520,0
DA:524,0
DA:525,0
DA:526,0
DA:527,0
DA:528,0
DA:529,0
DA:530,0
DA:531,0
DA:535,0
DA:536,0
DA:537,0
DA:538,0
DA:539,0
DA:540,0
DA:541,0
DA:542,0
DA:543,0
DA:546,0
DA:547,0
DA:548,0
DA:549,0
DA:550,0
DA:551,0
DA:552,0
DA:553,0
DA:555,0
DA:556,0
DA:558,0
DA:559,0
DA:560,0
DA:561,0
DA:562,0
DA:563,0
DA:564,0
DA:571,1
DA:628,1
DA:631,0
DA:632,0
DA:633,0
DA:634,0
DA:640,0
DA:661,0
DA:662,0
DA:666,0
DA:667,0
DA:669,0
DA:675,0
DA:676,0
DA:677,0
DA:679,0
DA:680,0
DA:681,0
DA:682,0
DA:685,0
DA:686,0
DA:687,0
DA:688,0
DA:689,0
DA:690,0
DA:696,0
DA:697,0
DA:698,0
DA:701,0
DA:702,0
DA:703,0
DA:704,0
DA:705,0
DA:706,0
DA:707,0
DA:711,0
DA:712,0
DA:715,0
DA:722,1
DA:723,1
DA:724,1
DA:725,1
DA:726,1
DA:728,1
DA:729,1
DA:730,1
DA:731,1
DA:740,0
DA:741,0
DA:742,0
DA:746,1
DA:747,1
DA:750,1
DA:751,1
DA:752,1
DA:753,1
DA:754,3
DA:764,1
DA:765,1
DA:769,0
DA:771,0
DA:772,0
DA:773,0
DA:774,0
DA:775,0
DA:776,0
DA:780,0
DA:781,0
DA:783,0
DA:785,0
DA:787,0
DA:788,0
DA:789,0
DA:790,0
DA:791,0
DA:792,0
DA:796,0
DA:797,0
DA:798,0
DA:802,0
DA:803,0
DA:804,0
DA:807,0
DA:808,0
DA:809,0
DA:810,0
DA:811,0
DA:814,0
DA:815,0
DA:816,0
DA:817,0
DA:818,0
DA:820,0
DA:821,0
DA:822,0
DA:829,0
DA:830,0
DA:832,0
DA:833,0
DA:835,0
DA:841,0
DA:850,0
DA:851,0
DA:855,0
DA:858,0
DA:859,0
DA:860,0
DA:863,0
DA:864,0
DA:867,0
DA:870,0
DA:871,0
DA:879,0
DA:880,0
DA:883,0
DA:884,0
DA:885,0
DA:886,0
DA:887,0
DA:888,0
DA:889,0
DA:903,0
DA:904,0
DA:905,0
DA:906,0
DA:907,0
DA:908,0
DA:914,0
DA:915,0
DA:916,0
DA:917,0
DA:918,0
DA:928,0
DA:929,0
DA:930,0
DA:931,0
DA:932,0
DA:934,0
DA:935,0
DA:936,0
DA:937,0
DA:940,0
DA:941,0
DA:942,0
DA:943,0
DA:947,0
DA:949,0
DA:961,0
DA:973,0
DA:977,0
DA:981,0
DA:982,0
DA:983,0
DA:985,0
DA:989,0
DA:990,0
DA:991,0
DA:1002,1
DA:1003,1
DA:1004,1
DA:1008,14
DA:1030,1
DA:1032,1
LF:411
LH:91
BRDA:45,0,0,1
BRDA:45,0,1,15
BRDA:52,1,0,2
BRDA:52,1,1,11
BRDA:106,2,0,0
BRDA:106,2,1,0
BRDA:135,3,0,1
BRDA:135,3,1,1
BRDA:137,4,0,0
BRDA:137,4,1,1
BRDA:152,5,0,0
BRDA:152,5,1,0
BRDA:152,6,0,0
BRDA:152,6,1,0
BRDA:155,7,0,0
BRDA:155,7,1,0
BRDA:155,7,2,0
BRDA:155,7,3,0
BRDA:157,8,0,0
BRDA:157,8,1,0
BRDA:162,9,0,0
BRDA:162,9,1,0
BRDA:167,10,0,0
BRDA:167,10,1,0
BRDA:167,11,0,0
BRDA:167,11,1,0
BRDA:172,12,0,0
BRDA:172,12,1,0
BRDA:182,13,0,0
BRDA:182,13,1,0
BRDA:182,13,2,0
BRDA:182,13,3,0
BRDA:204,14,0,0
BRDA:204,14,1,0
BRDA:213,15,0,0
BRDA:213,15,1,0
BRDA:213,16,0,0
BRDA:213,16,1,0
BRDA:221,17,0,0
BRDA:221,17,1,0
BRDA:221,18,0,0
BRDA:221,18,1,0
BRDA:224,19,0,0
BRDA:224,19,1,0
BRDA:224,20,0,0
BRDA:224,20,1,0
BRDA:228,21,0,0
BRDA:228,21,1,0
BRDA:242,22,0,0
BRDA:242,22,1,0
BRDA:242,22,2,0
BRDA:242,22,3,0
BRDA:242,22,4,0
BRDA:242,22,5,0
BRDA:242,22,6,0
BRDA:244,23,0,0
BRDA:244,23,1,0
BRDA:265,24,0,7
BRDA:265,24,1,0
BRDA:266,25,0,7
BRDA:266,25,1,2
BRDA:267,26,0,7
BRDA:267,26,1,4
BRDA:275,27,0,1
BRDA:275,27,1,3
BRDA:276,28,0,2
BRDA:276,28,1,1
BRDA:277,29,0,1
BRDA:277,29,1,0
BRDA:278,30,0,0
BRDA:278,30,1,1
BRDA:290,31,0,0
BRDA:290,31,1,1
BRDA:299,32,0,0
BRDA:299,32,1,7
BRDA:301,33,0,3
BRDA:301,33,1,4
BRDA:316,34,0,0
BRDA:316,34,1,0
BRDA:318,35,0,0
BRDA:318,35,1,0
BRDA:331,36,0,0
BRDA:331,36,1,0
BRDA:340,37,0,0
BRDA:340,37,1,0
BRDA:340,37,2,0
BRDA:341,38,0,0
BRDA:341,38,1,0
BRDA:349,39,0,0
BRDA:349,39,1,0
BRDA:350,40,0,0
BRDA:350,40,1,0
BRDA:363,41,0,0
BRDA:363,41,1,0
BRDA:364,42,0,0
BRDA:364,42,1,0
BRDA:364,43,0,0
BRDA:364,43,1,0
BRDA:393,44,0,0
BRDA:393,44,1,0
BRDA:402,45,0,0
BRDA:402,45,1,0
BRDA:402,46,0,0
BRDA:402,46,1,0
BRDA:426,47,0,0
BRDA:426,47,1,0
BRDA:431,48,0,0
BRDA:431,48,1,0
BRDA:456,49,0,0
BRDA:456,49,1,0
BRDA:458,50,0,0
BRDA:458,50,1,0
BRDA:466,51,0,0
BRDA:466,51,1,0
BRDA:470,52,0,0
BRDA:470,52,1,0
BRDA:472,53,0,0
BRDA:472,53,1,0
BRDA:472,53,2,0
BRDA:472,53,3,0
BRDA:491,54,0,0
BRDA:491,54,1,0
BRDA:491,55,0,0
BRDA:491,55,1,0
BRDA:491,55,2,0
BRDA:497,56,0,0
BRDA:497,56,1,0
BRDA:499,57,0,0
BRDA:499,57,1,0
BRDA:499,58,0,0
BRDA:499,58,1,0
BRDA:518,59,0,0
BRDA:518,59,1,0
BRDA:518,60,0,0
BRDA:518,60,1,0
BRDA:524,61,0,0
BRDA:524,61,1,0
BRDA:525,62,0,0
BRDA:525,62,1,0
BRDA:525,63,0,0
BRDA:525,63,1,0
BRDA:536,64,0,0
BRDA:536,64,1,0
BRDA:536,65,0,0
BRDA:536,65,1,0
BRDA:540,66,0,0
BRDA:540,66,1,0
BRDA:552,67,0,0
BRDA:552,67,1,0
BRDA:562,68,0,0
BRDA:562,68,1,0
BRDA:632,69,0,0
BRDA:632,69,1,0
BRDA:632,70,0,0
BRDA:632,70,1,0
BRDA:633,71,0,0
BRDA:633,71,1,0
BRDA:633,72,0,0
BRDA:633,72,1,0
BRDA:662,73,0,0
BRDA:662,73,1,0
BRDA:662,74,0,0
BRDA:662,74,1,0
BRDA:666,75,0,0
BRDA:666,75,1,0
BRDA:686,76,0,0
BRDA:686,76,1,0
BRDA:688,77,0,0
BRDA:688,77,1,0
BRDA:690,78,0,0
BRDA:690,78,1,0
BRDA:698,79,0,0
BRDA:698,79,1,0
BRDA:705,80,0,0
BRDA:705,80,1,0
BRDA:707,81,0,0
BRDA:707,81,1,0
BRDA:711,82,0,0
BRDA:711,82,1,0
BRDA:739,83,0,0
BRDA:740,84,0,0
BRDA:740,84,1,0
BRDA:741,85,0,0
BRDA:741,85,1,0
BRDA:742,86,0,0
BRDA:742,86,1,0
BRDA:750,87,0,1
BRDA:750,87,1,0
BRDA:752,88,0,1
BRDA:752,88,1,0
BRDA:756,89,0,3
BRDA:756,89,1,0
BRDA:769,90,0,0
BRDA:769,90,1,0
BRDA:777,91,0,0
BRDA:777,91,1,0
BRDA:777,92,0,0
BRDA:777,92,1,0
BRDA:777,92,2,0
BRDA:788,93,0,0
BRDA:788,93,1,0
BRDA:796,94,0,0
BRDA:796,94,1,0
BRDA:796,95,0,0
BRDA:796,95,1,0
BRDA:807,96,0,0
BRDA:807,96,1,0
BRDA:808,97,0,0
BRDA:808,97,1,0
BRDA:809,98,0,0
BRDA:809,98,1,0
BRDA:809,99,0,0
BRDA:809,99,1,0
BRDA:814,100,0,0
BRDA:814,100,1,0
BRDA:814,101,0,0
BRDA:814,101,1,0
BRDA:816,102,0,0
BRDA:816,102,1,0
BRDA:816,103,0,0
BRDA:816,103,1,0
BRDA:820,104,0,0
BRDA:820,104,1,0
BRDA:820,105,0,0
BRDA:820,105,1,0
BRDA:829,106,0,0
BRDA:829,106,1,0
BRDA:850,107,0,0
BRDA:850,107,1,0
BRDA:863,108,0,0
BRDA:863,108,1,0
BRDA:864,109,0,0
BRDA:864,109,1,0
BRDA:879,110,0,0
BRDA:879,110,1,0
BRDA:880,111,0,0
BRDA:880,111,1,0
BRDA:883,112,0,0
BRDA:883,112,1,0
BRDA:885,113,0,0
BRDA:885,113,1,0
BRDA:887,114,0,0
BRDA:887,114,1,0
BRDA:887,115,0,0
BRDA:887,115,1,0
BRDA:894,116,0,0
BRDA:894,116,1,0
BRDA:903,117,0,0
BRDA:903,117,1,0
BRDA:905,118,0,0
BRDA:905,118,1,0
BRDA:905,119,0,0
BRDA:905,119,1,0
BRDA:914,120,0,0
BRDA:914,120,1,0
BRDA:916,121,0,0
BRDA:916,121,1,0
BRDA:928,122,0,0
BRDA:928,122,1,0
BRDA:934,123,0,0
BRDA:934,123,1,0
BRDA:935,124,0,0
BRDA:935,124,1,0
BRDA:936,125,0,0
BRDA:936,125,1,0
BRDA:936,126,0,0
BRDA:936,126,1,0
BRDA:937,127,0,0
BRDA:937,127,1,0
BRDA:941,128,0,0
BRDA:941,128,1,0
BRDA:941,129,0,0
BRDA:941,129,1,0
BRDA:943,130,0,0
BRDA:943,130,1,0
BRDA:947,131,0,0
BRDA:947,131,1,0
BRDA:952,132,0,0
BRDA:952,132,1,0
BRDA:952,133,0,0
BRDA:952,133,1,0
BRDA:954,134,0,0
BRDA:954,134,1,0
BRDA:955,135,0,0
BRDA:955,135,1,0
BRDA:956,136,0,0
BRDA:956,136,1,0
BRDA:966,137,0,0
BRDA:966,137,1,0
BRDA:989,138,0,0
BRDA:989,138,1,0
BRDA:994,139,0,0
BRDA:994,139,1,0
BRDA:995,140,0,0
BRDA:995,140,1,0
BRDA:996,141,0,0
BRDA:996,141,1,0
BRDA:997,142,0,0
BRDA:997,142,1,0
BRDA:1002,143,0,1
BRDA:1002,143,1,0
BRDA:1008,144,0,14
BRDA:1008,144,1,0
BRDA:1012,145,0,1
BRDA:1012,145,1,0
BRDA:1012,146,0,1
BRDA:1012,146,1,0
BRDA:1012,146,2,0
BRDA:1013,147,0,1
BRDA:1013,147,1,0
BRDA:1013,148,0,1
BRDA:1013,148,1,0
BRDA:1013,148,2,0
BRDA:1016,149,0,1
BRDA:1016,149,1,0
BRDA:1016,150,0,1
BRDA:1016,150,1,0
BRDA:1016,150,2,0
BRDA:1018,151,0,1
BRDA:1018,151,1,0
BRDA:1019,152,0,1
BRDA:1019,152,1,0
BRDA:1021,153,0,1
BRDA:1021,153,1,0
BRDA:1022,154,0,1
BRDA:1022,154,1,0
BRDA:1023,155,0,1
BRDA:1023,155,1,0
BRF:328
BRH:38
end_of_record
